<?xml version="1.0" encoding="UTF-8"?>
<testng-results ignored="0" total="6" passed="6" failed="0" skipped="0">
  <reporter-output>
  </reporter-output>
  <suite started-at="2026-04-16T15:21:43 IST" name="Surefire suite" finished-at="2026-04-16T15:22:35 IST" duration-ms="52180">
    <groups>
      <group name="cucumber">
        <method signature="AbstractTestNGCucumberTests.runScenario(io.cucumber.testng.PickleWrapper,io.cucumber.testng.FeatureWrapper)[pri:0, instance:runners.TestRunner@6e0dec4a]" name="runScenario" class="io.cucumber.testng.AbstractTestNGCucumberTests"/>
      </group> <!-- cucumber -->
    </groups>
    <test started-at="2026-04-16T15:21:43 IST" name="Surefire test" finished-at="2026-04-16T15:22:35 IST" duration-ms="52180">
      <class name="runners.TestRunner">
        <test-method is-config="true" signature="setUpClass(org.testng.ITestContext)[pri:0, instance:runners.TestRunner@6e0dec4a]" started-at="2026-04-16T15:21:43 IST" name="setUpClass" finished-at="2026-04-16T15:21:44 IST" duration-ms="1050" status="PASS">
          <params>
            <param index="0">
              <value>
                <![CDATA[org.testng.TestRunner@38848217]]>
              </value>
            </param>
          </params>
          <reporter-output>
          </reporter-output>
        </test-method> <!-- setUpClass -->
        <test-method signature="runScenario(io.cucumber.testng.PickleWrapper,io.cucumber.testng.FeatureWrapper)[pri:0, instance:runners.TestRunner@6e0dec4a]" started-at="2026-04-16T15:21:44 IST" name="runScenario" description="Runs Cucumber Scenarios" data-provider="scenarios" finished-at="2026-04-16T15:21:57 IST" duration-ms="12840" status="PASS">
          <params>
            <param index="0">
              <value>
                <![CDATA["Create, Get, Update and Delete a Pet"]]>
              </value>
            </param>
            <param index="1">
              <value>
                <![CDATA["Pet Lifecycle API Testing"]]>
              </value>
            </param>
          </params>
          <reporter-output>
          </reporter-output>
        </test-method> <!-- runScenario -->
        <test-method signature="runScenario(io.cucumber.testng.PickleWrapper,io.cucumber.testng.FeatureWrapper)[pri:0, instance:runners.TestRunner@6e0dec4a]" started-at="2026-04-16T15:21:57 IST" name="runScenario" description="Runs Cucumber Scenarios" data-provider="scenarios" finished-at="2026-04-16T15:22:06 IST" duration-ms="8779" status="PASS">
          <params>
            <param index="0">
              <value>
                <![CDATA["Create, Get, Update and Delete a Pet"]]>
              </value>
            </param>
            <param index="1">
              <value>
                <![CDATA["Pet Lifecycle API Testing"]]>
              </value>
            </param>
          </params>
          <reporter-output>
          </reporter-output>
        </test-method> <!-- runScenario -->
        <test-method signature="runScenario(io.cucumber.testng.PickleWrapper,io.cucumber.testng.FeatureWrapper)[pri:0, instance:runners.TestRunner@6e0dec4a]" started-at="2026-04-16T15:22:06 IST" name="runScenario" description="Runs Cucumber Scenarios" data-provider="scenarios" finished-at="2026-04-16T15:22:14 IST" duration-ms="8472" status="PASS">
          <params>
            <param index="0">
              <value>
                <![CDATA["Create, Get, Update and Delete a Pet"]]>
              </value>
            </param>
            <param index="1">
              <value>
                <![CDATA["Pet Lifecycle API Testing"]]>
              </value>
            </param>
          </params>
          <reporter-output>
          </reporter-output>
        </test-method> <!-- runScenario -->
        <test-method signature="runScenario(io.cucumber.testng.PickleWrapper,io.cucumber.testng.FeatureWrapper)[pri:0, instance:runners.TestRunner@6e0dec4a]" started-at="2026-04-16T15:22:14 IST" name="runScenario" description="Runs Cucumber Scenarios" data-provider="scenarios" finished-at="2026-04-16T15:22:19 IST" duration-ms="4268" status="PASS">
          <params>
            <param index="0">
              <value>
                <![CDATA["Inventory Analysis"]]>
              </value>
            </param>
            <param index="1">
              <value>
                <![CDATA["Pet Lifecycle API Testing"]]>
              </value>
            </param>
          </params>
          <reporter-output>
          </reporter-output>
        </test-method> <!-- runScenario -->
        <test-method signature="runScenario(io.cucumber.testng.PickleWrapper,io.cucumber.testng.FeatureWrapper)[pri:0, instance:runners.TestRunner@6e0dec4a]" started-at="2026-04-16T15:22:19 IST" name="runScenario" description="Runs Cucumber Scenarios" data-provider="scenarios" finished-at="2026-04-16T15:22:26 IST" duration-ms="7339" status="PASS">
          <params>
            <param index="0">
              <value>
                <![CDATA["Validate invalid user operations"]]>
              </value>
            </param>
            <param index="1">
              <value>
                <![CDATA["Pet Lifecycle API Testing"]]>
              </value>
            </param>
          </params>
          <reporter-output>
          </reporter-output>
        </test-method> <!-- runScenario -->
        <test-method signature="runScenario(io.cucumber.testng.PickleWrapper,io.cucumber.testng.FeatureWrapper)[pri:0, instance:runners.TestRunner@6e0dec4a]" started-at="2026-04-16T15:22:26 IST" name="runScenario" description="Runs Cucumber Scenarios" data-provider="scenarios" finished-at="2026-04-16T15:22:35 IST" duration-ms="9276" status="PASS">
          <params>
            <param index="0">
              <value>
                <![CDATA["Cross Endpoint Data Consistency"]]>
              </value>
            </param>
            <param index="1">
              <value>
                <![CDATA["Pet Lifecycle API Testing"]]>
              </value>
            </param>
          </params>
          <reporter-output>
          </reporter-output>
        </test-method> <!-- runScenario -->
        <test-method is-config="true" signature="tearDownClass()[pri:0, instance:runners.TestRunner@6e0dec4a]" started-at="2026-04-16T15:22:35 IST" name="tearDownClass" finished-at="2026-04-16T15:22:35 IST" duration-ms="67" status="PASS">
          <reporter-output>
          </reporter-output>
        </test-method> <!-- tearDownClass -->
      </class> <!-- runners.TestRunner -->
    </test> <!-- Surefire test -->
  </suite> <!-- Surefire suite -->
</testng-results>
