<?xml version="1.0" encoding="UTF-8"?>
<testsuite xmlns:xsi="http://www.w3.org/2001/XMLSchema-instance" xsi:noNamespaceSchemaLocation="https://maven.apache.org/surefire/maven-surefire-plugin/xsd/surefire-test-report.xsd" version="3.0.2" name="runners.TestRunner" time="58.79" tests="6" errors="0" skipped="0" failures="0">
  <properties>
[...]
</properties>
  <testcase name="runScenario[&quot;Create, Get, Update and Delete a Pet&quot;, &quot;Pet Lifecycle API Testing&quot;](1)" classname="runners.TestRunner" time="14.397">
    <system-out><![CDATA[
Scenario Outline: Create, Get, Update and Delete a Pet              # src/test/resources/features/pet.feature:17
=== TEST STARTED ===
18:14:08 INFO  stepDefinitions.PetSteps - POST RESPONSE:
18:14:08 INFO  stepDefinitions.PetSteps - {"id":1776602644217,"name":"Tommy","photoUrls":[],"tags":[],"status":"available"}
  Given I create a new pet with name "Tommy" and status "available" # stepDefinitions.PetSteps.createPet(java.lang.String,java.lang.String)
18:14:11 INFO  stepDefinitions.PetSteps - GET RESPONSE: {"id":1776602644217,"name":"Tommy","photoUrls":[],"tags":[],"status":"available"}
  When I get the pet by ID                                          # stepDefinitions.PetSteps.getPet()
18:14:11 INFO  stepDefinitions.PetSteps - VALIDATION RESPONSE:
18:14:11 INFO  stepDefinitions.PetSteps - {"id":1776602644217,"name":"Tommy","photoUrls":[],"tags":[],"status":"available"}
  Then the pet name should be "Tommy"                               # stepDefinitions.PetSteps.validateName(java.lang.String)
18:14:14 INFO  stepDefinitions.PetSteps - PUT RESPONSE:
18:14:14 INFO  stepDefinitions.PetSteps - {"id":1776602644217,"name":"updatedName","photoUrls":[],"tags":[],"status":"sold"}
  When I update the pet status to "sold"                            # stepDefinitions.PetSteps.updatePet(java.lang.String)
  Then the pet status should be "sold"                              # stepDefinitions.PetSteps.validateStatus(java.lang.String)
18:14:17 INFO  stepDefinitions.PetSteps - DELETE RESPONSE:
18:14:17 INFO  stepDefinitions.PetSteps - {"code":200,"type":"unknown","message":"1776602644217"}
  When I delete the pet                                             # stepDefinitions.PetSteps.deletePet()
  Then the response status should be 200                            # stepDefinitions.PetSteps.validateResponse(int)
=== TEST FINISHED ===
]]></system-out>
    <system-err><![CDATA[SLF4J: Failed to load class "org.slf4j.impl.StaticLoggerBinder".
SLF4J: Defaulting to no-operation (NOP) logger implementation
SLF4J: See http://www.slf4j.org/codes.html#StaticLoggerBinder for further details.
]]></system-err>
  </testcase>
  <testcase name="runScenario[&quot;Create, Get, Update and Delete a Pet&quot;, &quot;Pet Lifecycle API Testing&quot;](2)" classname="runners.TestRunner" time="8.958">
    <system-out><![CDATA[
Scenario Outline: Create, Get, Update and Delete a Pet              # src/test/resources/features/pet.feature:18
=== TEST STARTED ===
18:14:19 INFO  stepDefinitions.PetSteps - POST RESPONSE:
18:14:19 INFO  stepDefinitions.PetSteps - {"id":1776602657423,"name":"Bruno","photoUrls":[],"tags":[],"status":"available"}
  Given I create a new pet with name "Bruno" and status "available" # stepDefinitions.PetSteps.createPet(java.lang.String,java.lang.String)
18:14:22 INFO  stepDefinitions.PetSteps - GET RESPONSE: {"id":1776602657423,"name":"Bruno","photoUrls":[],"tags":[],"status":"available"}
  When I get the pet by ID                                          # stepDefinitions.PetSteps.getPet()
18:14:22 INFO  stepDefinitions.PetSteps - VALIDATION RESPONSE:
18:14:22 INFO  stepDefinitions.PetSteps - {"id":1776602657423,"name":"Bruno","photoUrls":[],"tags":[],"status":"available"}
  Then the pet name should be "Bruno"                               # stepDefinitions.PetSteps.validateName(java.lang.String)
18:14:24 INFO  stepDefinitions.PetSteps - PUT RESPONSE:
18:14:24 INFO  stepDefinitions.PetSteps - {"id":1776602657423,"name":"updatedName","photoUrls":[],"tags":[],"status":"sold"}
  When I update the pet status to "sold"                            # stepDefinitions.PetSteps.updatePet(java.lang.String)
  Then the pet status should be "sold"                              # stepDefinitions.PetSteps.validateStatus(java.lang.String)
18:14:26 INFO  stepDefinitions.PetSteps - DELETE RESPONSE:
18:14:26 INFO  stepDefinitions.PetSteps - {"code":200,"type":"unknown","message":"1776602657423"}
  When I delete the pet                                             # stepDefinitions.PetSteps.deletePet()
  Then the response status should be 200                            # stepDefinitions.PetSteps.validateResponse(int)
=== TEST FINISHED ===
]]></system-out>
  </testcase>
  <testcase name="runScenario[&quot;Create, Get, Update and Delete a Pet&quot;, &quot;Pet Lifecycle API Testing&quot;](3)" classname="runners.TestRunner" time="7.639">
    <system-out><![CDATA[
Scenario Outline: Create, Get, Update and Delete a Pet            # src/test/resources/features/pet.feature:19
=== TEST STARTED ===
18:14:28 INFO  stepDefinitions.PetSteps - POST RESPONSE:
18:14:28 INFO  stepDefinitions.PetSteps - {"id":1776602666393,"name":"Kitty","photoUrls":[],"tags":[],"status":"pending"}
  Given I create a new pet with name "Kitty" and status "pending" # stepDefinitions.PetSteps.createPet(java.lang.String,java.lang.String)
18:14:30 INFO  stepDefinitions.PetSteps - GET RESPONSE: {"id":1776602666393,"name":"Kitty","photoUrls":[],"tags":[],"status":"pending"}
  When I get the pet by ID                                        # stepDefinitions.PetSteps.getPet()
18:14:30 INFO  stepDefinitions.PetSteps - VALIDATION RESPONSE:
18:14:30 INFO  stepDefinitions.PetSteps - {"id":1776602666393,"name":"Kitty","photoUrls":[],"tags":[],"status":"pending"}
  Then the pet name should be "Kitty"                             # stepDefinitions.PetSteps.validateName(java.lang.String)
18:14:31 INFO  stepDefinitions.PetSteps - PUT RESPONSE:
18:14:31 INFO  stepDefinitions.PetSteps - {"id":1776602666393,"name":"updatedName","photoUrls":[],"tags":[],"status":"sold"}
  When I update the pet status to "sold"                          # stepDefinitions.PetSteps.updatePet(java.lang.String)
  Then the pet status should be "sold"                            # stepDefinitions.PetSteps.validateStatus(java.lang.String)
18:14:34 INFO  stepDefinitions.PetSteps - DELETE RESPONSE:
18:14:34 INFO  stepDefinitions.PetSteps - {"code":200,"type":"unknown","message":"1776602666393"}
  When I delete the pet                                           # stepDefinitions.PetSteps.deletePet()
  Then the response status should be 200                          # stepDefinitions.PetSteps.validateResponse(int)
=== TEST FINISHED ===
]]></system-out>
  </testcase>
  <testcase name="runScenario[&quot;Inventory Analysis&quot;, &quot;Pet Lifecycle API Testing&quot;](4)" classname="runners.TestRunner" time="6.258">
    <system-out><![CDATA[
Scenario: Inventory Analysis                       # src/test/resources/features/pet.feature:21
=== TEST STARTED ===
18:14:35 INFO  stepDefinitions.PetSteps - INVENTORY RESPONSE:
18:14:35 INFO  stepDefinitions.PetSteps - {"INVALID_STATUS":1,"${929890536+833481302}":1,"srzrgwxfencgtrsqrxlf":1,"expr 909453631 + 825470599":1,"available":539,"available'/**/and/**/DBMS_PIPE.RECEIVE_MESSAGE('e',2)='e":1,"/*1*/{{881010992+908589599}}":1,"available'and't'='t":1,"<%- 889234224+917145405 %>":1,"${911567246+830964914}":1,"${(924754505+898538209)?c}":1,"<%- 856151359+928206630 %>":1,"available\"and(select*from(select+sleep(2))a/**/union/**/select+1)=\"":1,"available$(expr 996500570 + 953393498)":1,"${(984766144+905465902)?c}":1,"available$(expr 866122057 + 978199511)":1,"peric":3,"available'and(select+1)>0waitfor/**/delay'0:0:2":1,"extractvalue(1,concat(char(126),md5(1254824710)))":1,"available'and(select+1)>0waitfor/**/delay'0:0:0":1,"123":5,"available\nexpr 809372097 + 951007729\n":1,"available'/**/and(select'1'from/**/pg_sleep(2))::text>'0":1,"invalid":2,"available'and(select'1'from/**/cast(md5(1181059782)as/**/int))>'0":1,"not available right now":1,"available'\"\\(":1,"available\nexpr 837464090 + 975471392\n":1,"available|expr 979458066 + 942501777 ":1,"#set($c=860417201+888273537)${c}$c":1,"'-var_dump(md5(587328501))-'":1,"string":319,"available'and(select*from(select+sleep(0))a/**/union/**/select+1)='":1,"pending":7,"available'/**/and(select'1'from/**/pg_sleep(0))::text>'0":1,"example":1,"${@var_dump(md5(454482086))};":1,"available'and/**/extractvalue(1,concat(char(126),md5(1336896625)))and'":1,"not available":1,"#set($c=838717523+914298646)${c}$c":1,"available\"and/**/extractvalue(1,concat(char(126),md5(1091520175)))and\"":1,"${912215550+967160120}":1,"available\"and(select*from(select+sleep(0))a/**/union/**/select+1)=\"":1,"available/**/and/**/cast(md5('1454289032')as/**/int)>0":1,"broken":2,"sold":42,"available'and(select*from(select+sleep(2))a/**/union/**/select+1)='":1,"available&set /A 942033029+993997998":1,"available'and/**/convert(int,sys.fn_sqlvarbasetostr(HashBytes('MD5','1241396226')))>'0":1,"available|expr 870827638 + 956366796 ":1,"'-var_dump(md5(327052392))-'":1,"convert(int,sys.fn_sqlvarbasetostr(HashBytes('MD5','1855855555')))":1,"available\"and\"q\"=\"d":1,"available'/**/and/**/DBMS_PIPE.RECEIVE_MESSAGE('l',0)='l":1,"available'and'w'='b":1,"available鎈'\"\\(":1,"ctxhjqlraxyispyxpnfo":1,"available\"and\"p\"=\"p":1,"/*1*/{{922232214+807763829}}":1,"returned":1,"${@var_dump(md5(848713153))};":1,"${806372033+897902190}":1}
  When I get the store inventory                   # stepDefinitions.PetSteps.getInventory()
18:14:35 INFO  stepDefinitions.PetSteps - Inventory Available Count: 539
  Then I store available pets count from inventory # stepDefinitions.PetSteps.storeInventoryCount()
18:14:37 INFO  stepDefinitions.PetSteps - STATUS RESPONSE:
18:14:39 INFO  stepDefinitions.PetSteps - [{"id":379523,"category":{"id":379523,"name":"kangs name"},"name":"doggie","photoUrls":["kangs url"],"tags":[{"id":379523,"name":"kangs tag 379523"}],"status":"available"},{"id":307081,"category":{"id":307081,"name":"kangs name"},"name":"doggie","photoUrls":["kangs url"],"tags":[{"id":307081,"name":"kangs tag 307081"}],"status":"available"},{"id":733382,"category":{"id":733382,"name":"kangs name"},"name":"doggie","photoUrls":["kangs url"],"tags":[{"id":733382,"name":"kangs tag 733382"}],"status":"available"},{"id":636817,"category":{"id":636817,"name":"kangs name"},"name":"doggie","photoUrls":["kangs url"],"tags":[{"id":636817,"name":"kangs tag 636817"}],"status":"available"},{"id":921341,"category":{"id":921341,"name":"kangs name"},"name":"doggie","photoUrls":["kangs url"],"tags":[{"id":921341,"name":"kangs tag 921341"}],"status":"available"},{"id":388265,"category":{"id":388265,"name":"kangs name"},"name":"doggie","photoUrls":["kangs url"],"tags":[{"id":388265,"name":"kangs tag 388265"}],"status":"available"},{"id":149258,"category":{"id":149258,"name":"kangs name"},"name":"doggie","photoUrls":["kangs url"],"tags":[{"id":149258,"name":"kangs tag 149258"}],"status":"available"},{"id":361125,"category":{"id":361125,"name":"kangs name"},"name":"doggie","photoUrls":["kangs url"],"tags":[{"id":361125,"name":"kangs tag 361125"}],"status":"available"},{"id":325894,"category":{"id":325894,"name":"kangs name"},"name":"doggie","photoUrls":["kangs url"],"tags":[{"id":325894,"name":"kangs tag 325894"}],"status":"available"},{"id":684196,"category":{"id":684196,"name":"kangs name"},"name":"doggie","photoUrls":["kangs url"],"tags":[{"id":684196,"name":"kangs tag 684196"}],"status":"available"},{"id":249002,"category":{"id":249002,"name":"kangs name"},"name":"doggie","photoUrls":["kangs url"],"tags":[{"id":249002,"name":"kangs tag 249002"}],"status":"available"},{"id":198736,"category":{"id":198736,"name":"kangs name"},"name":"doggie","photoUrls":["kangs url"],"tags":[{"id":198736,"name":"kangs tag 198736"}],"status":"available"},{"id":299398,"category":{"id":1,"name":"Dogs"},"name":"TestPet_XML","photoUrls":["https://example.com/photo1.jpg"],"tags":[{"id":1,"name":"test-tag"}],"status":"available"},{"id":9223372036854775183,"category":{"id":0,"name":"string"},"name":"fish","photoUrls":["string"],"tags":[{"id":0,"name":"string"}],"status":"available"},{"id":28634,"category":{"id":28634,"name":"kangs name"},"name":"doggie","photoUrls":["kangs url"],"tags":[{"id":28634,"name":"kangs tag 28634"}],"status":"available"},{"id":931878,"category":{"id":931878,"name":"kangs name"},"name":"doggie","photoUrls":["kangs url"],"tags":[{"id":931878,"name":"kangs tag 931878"}],"status":"available"},{"id":206565,"category":{"id":206565,"name":"kangs name"},"name":"doggie","photoUrls":["kangs url"],"tags":[{"id":206565,"name":"kangs tag 206565"}],"status":"available"},{"id":766635,"category":{"id":766635,"name":"kangs name"},"name":"doggie","photoUrls":["kangs url"],"tags":[{"id":766635,"name":"kangs tag 766635"}],"status":"available"},{"id":166189,"category":{"id":166189,"name":"kangs name"},"name":"doggie","photoUrls":["kangs url"],"tags":[{"id":166189,"name":"kangs tag 166189"}],"status":"available"},{"id":118018,"category":{"id":118018,"name":"kangs name"},"name":"doggie","photoUrls":["kangs url"],"tags":[{"id":118018,"name":"kangs tag 118018"}],"status":"available"},{"id":416762,"category":{"id":416762,"name":"kangs name"},"name":"doggie","photoUrls":["kangs url"],"tags":[{"id":416762,"name":"kangs tag 416762"}],"status":"available"},{"id":489907,"category":{"id":1,"name":"Dogs"},"name":"TestPet_XML","photoUrls":["https://example.com/photo1.jpg"],"tags":[{"id":1,"name":"test-tag"}],"status":"available"},{"id":384116,"category":{"id":384116,"name":"kangs name"},"name":"doggie","photoUrls":["kangs url"],"tags":[{"id":384116,"name":"kangs tag 384116"}],"status":"available"},{"id":490803,"category":{"id":1,"name":"Dogs"},"name":"TestPet_XML","photoUrls":["https://example.com/photo1.jpg"],"tags":[{"id":1,"name":"test-tag"}],"status":"available"},{"id":491209,"category":{"id":1,"name":"Dogs"},"name":"TestPet_XML","photoUrls":["https://example.com/photo1.jpg"],"tags":[{"id":1,"name":"test-tag"}],"status":"available"},{"id":732249,"category":{"id":732249,"name":"kangs name"},"name":"doggie","photoUrls":["kangs url"],"tags":[{"id":732249,"name":"kangs tag 732249"}],"status":"available"},{"id":956779,"category":{"id":956779,"name":"kangs name"},"name":"doggie","photoUrls":["kangs url"],"tags":[{"id":956779,"name":"kangs tag 956779"}],"status":"available"},{"id":838669,"category":{"id":838669,"name":"kangs name"},"name":"doggie","photoUrls":["kangs url"],"tags":[{"id":838669,"name":"kangs tag 838669"}],"status":"available"},{"id":471599,"category":{"id":471599,"name":"kangs name"},"name":"doggie","photoUrls":["kangs url"],"tags":[{"id":471599,"name":"kangs tag 471599"}],"status":"available"},{"id":743090,"category":{"id":743090,"name":"kangs name"},"name":"doggie","photoUrls":["kangs url"],"tags":[{"id":743090,"name":"kangs tag 743090"}],"status":"available"},{"id":550210,"category":{"id":1,"name":"Dogs"},"name":"TestDog-550210","photoUrls":["https://example.com/photo1.jpg"],"tags":[{"id":1,"name":"test-tag"}],"status":"available"},{"id":91649,"category":{"id":91649,"name":"kangs name"},"name":"doggie","photoUrls":["kangs url"],"tags":[{"id":91649,"name":"kangs tag 91649"}],"status":"available"},{"id":712945,"category":{"id":712945,"name":"kangs name"},"name":"doggie","photoUrls":["kangs url"],"tags":[{"id":712945,"name":"kangs tag 712945"}],"status":"available"},{"id":9223372036854775202,"category":{"id":0,"name":"string"},"name":"fish","photoUrls":["string"],"tags":[{"id":0,"name":"string"}],"status":"available"},{"id":9223372036854775203,"category":{"id":0,"name":"string"},"name":"fish","photoUrls":["string"],"tags":[{"id":0,"name":"string"}],"status":"available"},{"id":118077,"category":{"id":1,"name":"Dogs"},"name":"TestPet_XML","photoUrls":["https://example.com/photo1.jpg"],"tags":[{"id":1,"name":"test-tag"}],"status":"available"},{"id":9223372036854775204,"category":{"id":0,"name":"string"},"name":"doggie","photoUrls":["string"],"tags":[{"id":0,"name":"string"}],"status":"available"},{"id":9223372036854775205,"category":{"id":0,"name":"string"},"name":"{{name}}","photoUrls":["string"],"tags":[{"id":0,"name":"string"}],"status":"available"},{"id":9223372036854775207,"category":{"id":0,"name":"string"},"name":"doggie","photoUrls":["string"],"tags":[{"id":0,"name":"string"}],"status":"available"},{"id":9223372036854775208,"category":{"id":0,"name":"string"},"name":"doggie","photoUrls":["string"],"tags":[{"id":0,"name":"string"}],"status":"available"},{"id":9223372036854775211,"category":{"id":0,"name":"string"},"name":"doggie","photoUrls":["string"],"tags":[{"id":0,"name":"string"}],"status":"available"},{"id":9223372036854775219,"category":{"id":0,"name":"string"},"name":"Puff","photoUrls":["string"],"tags":[{"id":0,"name":"string"}],"status":"available"},{"id":9223372036854775223,"category":{"id":0,"name":"string"},"name":"fish","photoUrls":["string"],"tags":[{"id":0,"name":"string"}],"status":"available"},{"id":9223372036854775233,"category":{"id":0,"name":"string"},"name":"doggie","photoUrls":["string"],"tags":[{"id":0,"name":"string"}],"status":"available"},{"id":9223372036854775235,"category":{"id":0,"name":"string"},"name":"doggie","photoUrls":["string"],"tags":[{"id":0,"name":"string"}],"status":"available"},{"id":9223372036854775236,"category":{"id":0,"name":"string"},"name":"doggie","photoUrls":["string"],"tags":[{"id":0,"name":"string"}],"status":"available"},{"id":9223372036854775237,"category":{"id":0,"name":"string"},"name":"doggie","photoUrls":["string"],"tags":[{"id":0,"name":"string"}],"status":"available"},{"id":9223372036854775247,"name":"Test Item","photoUrls":[],"tags":[],"status":"available"},{"id":9223372036854775248,"category":{"id":0,"name":"string"},"name":"fish","photoUrls":["string"],"tags":[{"id":0,"name":"string"}],"status":"available"},{"id":9223372036854775251,"category":{"id":0,"name":"string"},"name":"fish","photoUrls":["string"],"tags":[{"id":0,"name":"string"}],"status":"available"},{"id":9223372036854775262,"name":"Test Item","photoUrls":[],"tags":[],"status":"available"},{"id":9223372036854775268,"category":{"id":0,"name":"string"},"name":"fish","photoUrls":["string"],"tags":[{"id":0,"name":"string"}],"status":"available"},{"id":9223372036854775271,"category":{"id":0,"name":"string"},"name":"string","photoUrls":[],"tags":[],"status":"available"},{"id":9223372036854775275,"category":{"id":999,"name":"hummingbird"},"name":"my-hummingbird","photoUrls":["https://www.hummingbird.com"],"tags":[{"id":0,"name":"bird"}],"status":"available"},{"id":9223372036854775277,"name":"Fluffy","photoUrls":[],"tags":[],"status":"available"},{"id":9223372036854775279,"photoUrls":[],"tags":[],"status":"available"},{"id":9223372036854775285,"name":"Test Item","photoUrls":[],"tags":[],"status":"available"},{"id":9223372036854775288,"category":{"id":0,"name":"string"},"name":"doggie","photoUrls":["string"],"tags":[{"id":0,"name":"string"}],"status":"available"},{"id":9223372036854775297,"category":{"id":0,"name":"string"},"name":"fish","photoUrls":["string"],"tags":[{"id":0,"name":"string"}],"status":"available"},{"id":9223372036854775300,"category":{"id":0,"name":"string"},"name":"fish","photoUrls":["string"],"tags":[{"id":0,"name":"string"}],"status":"available"},{"id":9223372036854775303,"category":{"id":0,"name":"string"},"name":"doggie","photoUrls":["string"],"tags":[{"id":0,"name":"string"}],"status":"available"},{"id":9223372036854775310,"category":{"id":0,"name":"string"},"name":"fish","photoUrls":["string"],"tags":[{"id":0,"name":"string"}],"status":"available"},{"id":9223372036854775324,"category":{"id":0,"name":"string"},"name":"doggie","photoUrls":["string"],"tags":[{"id":0,"name":"string"}],"status":"available"},{"id":9223372036854775326,"category":{"id":0,"name":"string"},"name":"doggie","photoUrls":["string"],"tags":[{"id":0,"name":"string"}],"status":"available"},{"id":9223372036854775327,"category":{"id":0,"name":"string"},"name":"doggie","photoUrls":["string"],"tags":[{"id":0,"name":"string"}],"status":"available"},{"id":9223372036854775339,"category":{"id":0,"name":"string"},"name":"fish","photoUrls":["string"],"tags":[{"id":0,"name":"string"}],"status":"available"},{"id":9223372036854775340,"category":{"id":0,"name":"string"},"name":"fish","photoUrls":["string"],"tags":[{"id":0,"name":"string"}],"status":"available"},{"id":9223372036854775346,"category":{"id":0,"name":"string"},"name":"doggie","photoUrls":["string"],"tags":[{"id":0,"name":"string"}],"status":"available"},{"id":9223372036854775355,"category":{"id":0,"name":"string"},"name":"fish","photoUrls":["string"],"tags":[{"id":0,"name":"string"}],"status":"available"},{"id":9223372036854775361,"category":{"id":0,"name":"string"},"name":"doggie","photoUrls":["string"],"tags":[{"id":0,"name":"string"}],"status":"available"},{"id":67676767677,"category":{"id":0,"name":"string"},"name":"doggie","photoUrls":["string"],"tags":[{"id":0,"name":"string"}],"status":"available"},{"id":9223372036854775376,"category":{"id":0,"name":"string"},"name":"doggie","photoUrls":["string"],"tags":[{"id":0,"name":"string"}],"status":"available"},{"id":9223372036854775383,"category":{"id":0,"name":"string"},"name":"string","photoUrls":[],"tags":[],"status":"available"},{"id":9223372036854775387,"category":{"id":999,"name":"hummingbird"},"name":"my-hummingbird","photoUrls":["https://www.hummingbird.com"],"tags":[{"id":0,"name":"bird"}],"status":"available"},{"id":9223372036854775391,"category":{"id":0,"name":"string"},"name":"doggie","photoUrls":["string"],"tags":[{"id":0,"name":"string"}],"status":"available"},{"id":9223372036854775392,"category":{"id":0,"name":"string"},"name":"fish","photoUrls":["string"],"tags":[{"id":0,"name":"string"}],"status":"available"},{"id":9223372036854775393,"category":{"id":0,"name":"string"},"name":"fish","photoUrls":["string"],"tags":[{"id":0,"name":"string"}],"status":"available"},{"id":9223372036854775402,"name":"Fluffy","photoUrls":[],"tags":[],"status":"available"},{"id":9223372036854775404,"photoUrls":[],"tags":[],"status":"available"},{"id":9223372036854775407,"name":"Test Item","photoUrls":[],"tags":[],"status":"available"},{"id":9223372036854775409,"category":{"id":0,"name":"string"},"name":"fish","photoUrls":["string"],"tags":[{"id":0,"name":"string"}],"status":"available"},{"id":6666,"name":"Leon","photoUrls":[],"tags":[],"status":"available"},{"id":9223372036854775414,"category":{"id":0,"name":"string"},"name":"doggie","photoUrls":["string"],"tags":[{"id":0,"name":"string"}],"status":"available"},{"id":9223372036854775415,"category":{"id":0,"name":"string"},"name":"doggie","photoUrls":["string"],"tags":[{"id":0,"name":"string"}],"status":"available"},{"id":9223372036854775416,"category":{"id":0,"name":"string"},"name":"doggie","photoUrls":["string"],"tags":[{"id":0,"name":"string"}],"status":"available"},{"id":9223372036854775417,"category":{"id":0,"name":"string"},"name":"doggie","photoUrls":["string"],"tags":[{"id":0,"name":"string"}],"status":"available"},{"id":9223372036854775418,"category":{"id":0,"name":"string"},"name":"doggie","photoUrls":["string"],"tags":[{"id":0,"name":"string"}],"status":"available"},{"id":9223372036854775419,"category":{"id":0,"name":"string"},"name":"doggie","photoUrls":["string"],"tags":[{"id":0,"name":"string"}],"status":"available"},{"id":9223372036854775420,"category":{"id":0,"name":"string"},"name":"doggie","photoUrls":["string"],"tags":[{"id":0,"name":"string"}],"status":"available"},{"id":9223372036854775421,"category":{"id":0,"name":"string"},"name":"doggie'and't'='t","photoUrls":["string"],"tags":[{"id":0,"name":"string"}],"status":"available"},{"id":9223372036854775422,"category":{"id":0,"name":"string"},"name":"doggie\nexpr 953987915 + 946898932\n","photoUrls":["string"],"tags":[{"id":0,"name":"string"}],"status":"available"},{"id":9223372036854775425,"category":{"id":0,"name":"string"},"name":"doggie'and'b'='n","photoUrls":["string"],"tags":[{"id":0,"name":"string"}],"status":"available"},{"id":9223372036854775426,"category":{"id":0,"name":"string"},"name":"doggie|expr 891352859 + 933724608 ","photoUrls":["string"],"tags":[{"id":0,"name":"string"}],"status":"available"},{"id":9223372036854775427,"category":{"id":0,"name":"../../../../../../../../../../../../../../../../../../etc/passwd"},"name":"doggie","photoUrls":["string"],"tags":[{"id":0,"name":"string"}],"status":"available"},{"id":9223372036854775428,"category":{"id":0,"name":"${@var_dump(md5(684666518))};"},"name":"doggie","photoUrls":["string"],"tags":[{"id":0,"name":"string"}],"status":"available"},{"id":9223372036854775430,"category":{"id":0,"name":"string"},"name":"doggie\"and\"f\"=\"f","photoUrls":["string"],"tags":[{"id":0,"name":"string"}],"status":"available"},{"id":9223372036854775431,"category":{"id":0,"name":"string"},"name":"doggie$(expr 976030066 + 984211117)","photoUrls":["string"],"tags":[{"id":0,"name":"string"}],"status":"available"},{"id":9223372036854775432,"category":{"id":0,"name":"../../../../../../../../../../../../../../../../../../etc/passwd\u0000string"},"name":"doggie","photoUrls":["string"],"tags":[{"id":0,"name":"string"}],"status":"available"},{"id":9223372036854775434,"category":{"id":0,"name":"'-var_dump(md5(226982528))-'"},"name":"doggie","photoUrls":["string"],"tags":[{"id":0,"name":"string"}],"status":"available"},{"id":9223372036854775437,"category":{"id":0,"name":"string"},"name":"doggie\"and\"w\"=\"x","photoUrls":["string"],"tags":[{"id":0,"name":"string"}],"status":"available"},{"id":9223372036854775438,"category":{"id":0,"name":"string"},"name":"doggie&set /A 902279434+943851290","photoUrls":["string"],"tags":[{"id":0,"name":"string"}],"status":"available"},{"id":9223372036854775439,"category":{"id":0,"name":"srzrgwxfencgtrsqrxlf"},"name":"doggie","photoUrls":["string"],"tags":[{"id":0,"name":"string"}],"status":"available"},{"id":9223372036854775441,"category":{"id":0,"name":"./../../../../../../../../../../../../../../../../../../etc/passwd"},"name":"doggie","photoUrls":["string"],"tags":[{"id":0,"name":"string"}],"status":"available"},{"id":9223372036854775442,"category":{"id":0,"name":"string"},"name":"${@var_dump(md5(688405861))};","photoUrls":["string"],"tags":[{"id":0,"name":"string"}],"status":"available"},{"id":9223372036854775445,"category":{"id":0,"name":"string"},"name":"doggie","photoUrls":["string"],"tags":[{"id":0,"name":"string"}],"status":"available"},{"id":9223372036854775446,"category":{"id":0,"name":"string"},"name":"expr 996249088 + 868077970","photoUrls":["string"],"tags":[{"id":0,"name":"string"}],"status":"available"},{"id":9223372036854775447,"category":{"id":0,"name":"string"},"name":"srzrgwxfencgtrsqrxlf","photoUrls":["string"],"tags":[{"id":0,"name":"string"}],"status":"available"},{"id":9223372036854775448,"category":{"id":0,"name":"%2e%2e%2f%2e%2e%2f%2e%2e%2f%2e%2e%2f%2e%2e%2f%2e%2e%2f%2e%2e%2f%2e%2e%2f%2e%2e%2f%2e%2e%2f%2e%2e%2f%2e%2e%2f%2e%2e%2f%2e%2e%2f%2e%2e%2f%2e%2e%2f%2e%2e%2f%2e%2e%2fetc%2fpasswd"},"name":"doggie","photoUrls":["string"],"tags":[{"id":0,"name":"string"}],"status":"available"},{"id":9223372036854775449,"category":{"id":0,"name":"string"},"name":"'-var_dump(md5(451051385))-'","photoUrls":["string"],"tags":[{"id":0,"name":"string"}],"status":"available"},{"id":9223372036854775450,"category":{"id":0,"name":"${836346984+878425937}"},"name":"doggie","photoUrls":["string"],"tags":[{"id":0,"name":"string"}],"status":"available"},{"id":9223372036854775451,"category":{"id":0,"name":"string"},"name":"doggie","photoUrls":["string"],"tags":[{"id":0,"name":"string"}],"status":"available"},{"id":9223372036854775454,"category":{"id":0,"name":"%u002e%u002e%u2215%u002e%u002e%u2215%u002e%u002e%u2215%u002e%u002e%u2215%u002e%u002e%u2215%u002e%u002e%u2215%u002e%u002e%u2215%u002e%u002e%u2215%u002e%u002e%u2215%u002e%u002e%u2215%u002e%u002e%u2215%u002e%u002e%u2215%u002e%u002e%u2215%u002e%u002e%u2215%u002e%u002e%u2215%u002e%u002e%u2215%u002e%u002e%u2215%u002e%u002e%u2215etc%u2215passwd"},"name":"doggie","photoUrls":["string"],"tags":[{"id":0,"name":"string"}],"status":"available"},{"id":9223372036854775456,"category":{"id":0,"name":"string"},"name":"${830533008+935545667}","photoUrls":["string"],"tags":[{"id":0,"name":"string"}],"status":"available"},{"id":9223372036854775457,"category":{"id":0,"name":"string"},"name":"doggie","photoUrls":["string"],"tags":[{"id":0,"name":"string"}],"status":"available"},{"id":9223372036854775459,"category":{"id":0,"name":"../../../../../../etc/passwd"},"name":"doggie","photoUrls":["string"],"tags":[{"id":0,"name":"string"}],"status":"available"},{"id":9223372036854775460,"category":{"id":0,"name":"string"},"name":"doggie","photoUrls":["string"],"tags":[{"id":0,"name":"string"}],"status":"available"},{"id":9223372036854775464,"category":{"id":0,"name":"string"},"name":"doggie'and(select*from(select+sleep(0))a/**/union/**/select+1)='","photoUrls":["string"],"tags":[{"id":0,"name":"string"}],"status":"available"},{"id":9223372036854775465,"category":{"id":0,"name":"string"},"name":"doggie","photoUrls":["string"],"tags":[{"id":0,"name":"string"}],"status":"available"},{"id":9223372036854775466,"category":{"id":0,"name":"string"},"name":"doggie","photoUrls":["string"],"tags":[{"id":0,"name":"string"}],"status":"available"},{"id":9223372036854775468,"category":{"id":0,"name":"../../../../../../etc/passwd\u0000string"},"name":"doggie","photoUrls":["string"],"tags":[{"id":0,"name":"string"}],"status":"available"},{"id":9223372036854775470,"category":{"id":0,"name":"/*1*/{{990113330+985589394}}"},"name":"doggie","photoUrls":["string"],"tags":[{"id":0,"name":"string"}],"status":"available"},{"id":9223372036854775471,"category":{"id":0,"name":"string"},"name":"doggie","photoUrls":["string"],"tags":[{"id":0,"name":"string"}],"status":"available"},{"id":9223372036854775472,"category":{"id":0,"name":"string"},"name":"doggie","photoUrls":["string"],"tags":[{"id":0,"name":"string"}],"status":"available"},{"id":9223372036854775474,"category":{"id":0,"name":"./../../../../../../etc/passwd"},"name":"doggie","photoUrls":["string"],"tags":[{"id":0,"name":"string"}],"status":"available"},{"id":9223372036854775476,"category":{"id":0,"name":"${986492860+943516435}"},"name":"doggie","photoUrls":["string"],"tags":[{"id":0,"name":"string"}],"status":"available"},{"id":9223372036854775477,"category":{"id":0,"name":"string"},"name":"doggie","photoUrls":["string"],"tags":[{"id":0,"name":"string"}],"status":"available"},{"id":9223372036854775478,"category":{"id":0,"name":"../../../../../../../../../../../../../../../../../../etc/passwd"},"name":"doggie","photoUrls":["string"],"tags":[{"id":0,"name":"string"}],"status":"available"},{"id":9223372036854775479,"category":{"id":0,"name":"string"},"name":"doggie'and(select*from(select+sleep(2))a/**/union/**/select+1)='","photoUrls":["string"],"tags":[{"id":0,"name":"string"}],"status":"available"},{"id":9223372036854775481,"category":{"id":0,"name":"string"},"name":"doggie","photoUrls":["string"],"tags":[{"id":0,"name":"string"}],"status":"available"},{"id":9223372036854775483,"category":{"id":0,"name":"%2e%2e%2f%2e%2e%2f%2e%2e%2f%2e%2e%2f%2e%2e%2f%2e%2e%2fetc%2fpasswd"},"name":"doggie","photoUrls":["string"],"tags":[{"id":0,"name":"string"}],"status":"available"},{"id":9223372036854775484,"category":{"id":0,"name":"string"},"name":"ctxhjqlraxyispyxpnfo","photoUrls":["string"],"tags":[{"id":0,"name":"string"}],"status":"available"},{"id":9223372036854775485,"category":{"id":0,"name":"/*1*/{{958879220+942053473}}"},"name":"doggie","photoUrls":["string"],"tags":[{"id":0,"name":"string"}],"status":"available"},{"id":9223372036854775488,"category":{"id":0,"name":"${(859079469+923801822)?c}"},"name":"doggie","photoUrls":["string"],"tags":[{"id":0,"name":"string"}],"status":"available"},{"id":9223372036854775489,"category":{"id":0,"name":"string"},"name":"doggie","photoUrls":["string"],"tags":[{"id":0,"name":"string"}],"status":"available"},{"id":9223372036854775490,"category":{"id":0,"name":"../../../../../../../../../../../../../../../../../../etc/passwd\u0000string"},"name":"doggie","photoUrls":["string"],"tags":[{"id":0,"name":"string"}],"status":"available"},{"id":9223372036854775492,"category":{"id":0,"name":"string"},"name":"doggie\"and(select*from(select+sleep(0))a/**/union/**/select+1)=\"","photoUrls":["string"],"tags":[{"id":0,"name":"string"}],"status":"available"},{"id":9223372036854775493,"category":{"id":0,"name":"%u002e%u002e%u2215%u002e%u002e%u2215%u002e%u002e%u2215%u002e%u002e%u2215%u002e%u002e%u2215%u002e%u002e%u2215etc%u2215passwd"},"name":"doggie","photoUrls":["string"],"tags":[{"id":0,"name":"string"}],"status":"available"},{"id":9223372036854775496,"category":{"id":0,"name":"${999015225+854153224}"},"name":"doggie","photoUrls":["string"],"tags":[{"id":0,"name":"string"}],"status":"available"},{"id":9223372036854775497,"category":{"id":0,"name":"#set($c=883001396+854670254)${c}$c"},"name":"doggie","photoUrls":["string"],"tags":[{"id":0,"name":"string"}],"status":"available"},{"id":9223372036854775498,"category":{"id":0,"name":"./../../../../../../../../../../../../../../../../../../etc/passwd"},"name":"doggie","photoUrls":["string"],"tags":[{"id":0,"name":"string"}],"status":"available"},{"id":9223372036854775499,"category":{"id":0,"name":"string"},"name":"doggie\"and(select*from(select+sleep(2))a/**/union/**/select+1)=\"","photoUrls":["string"],"tags":[{"id":0,"name":"string"}],"status":"available"},{"id":9223372036854775500,"category":{"id":0,"name":"string"},"name":"doggie","photoUrls":["string"],"tags":[{"id":0,"name":"string"}],"status":"available"},{"id":9223372036854775501,"category":{"id":0,"name":"/etc/passwd"},"name":"doggie","photoUrls":["string"],"tags":[{"id":0,"name":"string"}],"status":"available"},{"id":9223372036854775502,"category":{"id":0,"name":"${(894341168+963889814)?c}"},"name":"doggie","photoUrls":["string"],"tags":[{"id":0,"name":"string"}],"status":"available"},{"id":9223372036854775503,"category":{"id":0,"name":"%2e%2e%2f%2e%2e%2f%2e%2e%2f%2e%2e%2f%2e%2e%2f%2e%2e%2f%2e%2e%2f%2e%2e%2f%2e%2e%2f%2e%2e%2f%2e%2e%2f%2e%2e%2f%2e%2e%2f%2e%2e%2f%2e%2e%2f%2e%2e%2f%2e%2e%2f%2e%2e%2fetc%2fpasswd"},"name":"doggie","photoUrls":["string"],"tags":[{"id":0,"name":"string"}],"status":"available"},{"id":9223372036854775504,"category":{"id":0,"name":"string"},"name":"doggie'/**/and(select'1'from/**/pg_sleep(0))::text>'0","photoUrls":["string"],"tags":[{"id":0,"name":"string"}],"status":"available"},{"id":9223372036854775505,"category":{"id":0,"name":"/etc/passwd\u0000string"},"name":"doggie","photoUrls":["string"],"tags":[{"id":0,"name":"string"}],"status":"available"},{"id":9223372036854775506,"category":{"id":0,"name":"<%- 919719764+998705358 %>"},"name":"doggie","photoUrls":["string"],"tags":[{"id":0,"name":"string"}],"status":"available"},{"id":9223372036854775507,"category":{"id":0,"name":"#set($c=850813437+851129022)${c}$c"},"name":"doggie","photoUrls":["string"],"tags":[{"id":0,"name":"string"}],"status":"available"},{"id":9223372036854775508,"category":{"id":0,"name":"%u002e%u002e%u2215%u002e%u002e%u2215%u002e%u002e%u2215%u002e%u002e%u2215%u002e%u002e%u2215%u002e%u002e%u2215%u002e%u002e%u2215%u002e%u002e%u2215%u002e%u002e%u2215%u002e%u002e%u2215%u002e%u002e%u2215%u002e%u002e%u2215%u002e%u002e%u2215%u002e%u002e%u2215%u002e%u002e%u2215%u002e%u002e%u2215%u002e%u002e%u2215%u002e%u002e%u2215etc%u2215passwd"},"name":"doggie","photoUrls":["string"],"tags":[{"id":0,"name":"string"}],"status":"available"},{"id":9223372036854775509,"category":{"id":0,"name":"string"},"name":"doggie'/**/and(select'1'from/**/pg_sleep(2))::text>'0","photoUrls":["string"],"tags":[{"id":0,"name":"string"}],"status":"available"},{"id":9223372036854775510,"category":{"id":0,"name":"string"},"name":"/*1*/{{913943516+915561518}}","photoUrls":["string"],"tags":[{"id":0,"name":"string"}],"status":"available"},{"id":9223372036854775511,"category":{"id":0,"name":"%2fetc%2fpasswd"},"name":"doggie","photoUrls":["string"],"tags":[{"id":0,"name":"string"}],"status":"available"},{"id":9223372036854775512,"category":{"id":0,"name":"ctxhjqlraxyispyxpnfo"},"name":"doggie","photoUrls":["string"],"tags":[{"id":0,"name":"string"}],"status":"available"},{"id":9223372036854775513,"category":{"id":0,"name":"${854791298+896967111}"},"name":"doggie","photoUrls":["string"],"tags":[{"id":0,"name":"string"}],"status":"available"},{"id":9223372036854775514,"category":{"id":0,"name":"../../../../../../etc/passwd"},"name":"doggie","photoUrls":["string"],"tags":[{"id":0,"name":"string"}],"status":"available"},{"id":9223372036854775515,"category":{"id":0,"name":"string"},"name":"doggie'and(select+1)>0waitfor/**/delay'0:0:0","photoUrls":["string"],"tags":[{"id":0,"name":"string"}],"status":"available"},{"id":9223372036854775516,"category":{"id":0,"name":"%u2215etc%u2215passwd"},"name":"doggie","photoUrls":["string"],"tags":[{"id":0,"name":"string"}],"status":"available"},{"id":9223372036854775517,"category":{"id":0,"name":"string"},"name":"doggie","photoUrls":["string"],"tags":[{"id":0,"name":"string"}],"status":"available"},{"id":9223372036854775518,"category":{"id":0,"name":"<%- 971659038+989536556 %>"},"name":"doggie","photoUrls":["string"],"tags":[{"id":0,"name":"string"}],"status":"available"},{"id":9223372036854775519,"category":{"id":0,"name":"string"},"name":"${829324415+974780095}","photoUrls":["string"],"tags":[{"id":0,"name":"string"}],"status":"available"},{"id":9223372036854775520,"category":{"id":0,"name":"string"},"name":"doggie'and(select+1)>0waitfor/**/delay'0:0:2","photoUrls":["string"],"tags":[{"id":0,"name":"string"}],"status":"available"},{"id":9223372036854775521,"category":{"id":0,"name":"../../../../../../etc/passwd\u0000string"},"name":"doggie","photoUrls":["string"],"tags":[{"id":0,"name":"string"}],"status":"available"},{"id":9223372036854775522,"category":{"id":0,"name":"..\\..\\..\\..\\..\\..\\..\\..\\..\\..\\..\\..\\..\\..\\..\\..\\..\\..\\windows/win.ini"},"name":"doggie","photoUrls":["string"],"tags":[{"id":0,"name":"string"}],"status":"available"},{"id":9223372036854775523,"category":{"id":0,"name":"string"},"name":"doggie","photoUrls":["string"],"tags":[{"id":0,"name":"string"}],"status":"available"},{"id":9223372036854775524,"category":{"id":0,"name":"string"},"name":"${993248595+852801590}","photoUrls":["string"],"tags":[{"id":0,"name":"string"}],"status":"available"},{"id":9223372036854775525,"category":{"id":0,"name":"./../../../../../../etc/passwd"},"name":"doggie","photoUrls":["string"],"tags":[{"id":0,"name":"string"}],"status":"available"},{"id":9223372036854775526,"category":{"id":0,"name":"string"},"name":"doggie'/**/and/**/DBMS_PIPE.RECEIVE_MESSAGE('v',0)='v","photoUrls":["string"],"tags":[{"id":0,"name":"string"}],"status":"available"},{"id":9223372036854775527,"category":{"id":0,"name":".\\..\\..\\..\\..\\..\\..\\..\\..\\..\\..\\..\\..\\..\\..\\..\\..\\..\\..\\windows/win.ini"},"name":"doggie","photoUrls":["string"],"tags":[{"id":0,"name":"string"}],"status":"available"},{"id":9223372036854775528,"category":{"id":0,"name":"string"},"name":"doggie","photoUrls":["string"],"tags":[{"id":0,"name":"string"}],"status":"available"},{"id":9223372036854775530,"category":{"id":0,"name":"string"},"name":"/*1*/{{955428598+873889050}}","photoUrls":["string"],"tags":[{"id":0,"name":"string"}],"status":"available"},{"id":9223372036854775531,"category":{"id":0,"name":"${@var_dump(md5(415168277))};"},"name":"doggie","photoUrls":["string"],"tags":[{"id":0,"name":"string"}],"status":"available"},{"id":9223372036854775532,"category":{"id":0,"name":"string"},"name":"${(921072201+987772586)?c}","photoUrls":["string"],"tags":[{"id":0,"name":"string"}],"status":"available"},{"id":9223372036854775533,"category":{"id":0,"name":"%2e%2e%2f%2e%2e%2f%2e%2e%2f%2e%2e%2f%2e%2e%2f%2e%2e%2fetc%2fpasswd"},"name":"doggie","photoUrls":["string"],"tags":[{"id":0,"name":"string"}],"status":"available"},{"id":9223372036854775534,"category":{"id":0,"name":"string"},"name":"doggie'/**/and/**/DBMS_PIPE.RECEIVE_MESSAGE('c',2)='c","photoUrls":["string"],"tags":[{"id":0,"name":"string"}],"status":"available"},{"id":9223372036854775535,"category":{"id":0,"name":"string"},"name":"doggie","photoUrls":["string"],"tags":[{"id":0,"name":"string"}],"status":"available"},{"id":9223372036854775536,"category":{"id":0,"name":"..\\..\\..\\..\\..\\..\\..\\..\\..\\..\\..\\..\\..\\..\\..\\..\\..\\..\\windows/win.ini\u0000string"},"name":"doggie","photoUrls":["string"],"tags":[{"id":0,"name":"string"}],"status":"available"},{"id":9223372036854775537,"category":{"id":0,"name":"'-var_dump(md5(469949012))-'"},"name":"doggie","photoUrls":["string"],"tags":[{"id":0,"name":"string"}],"status":"available"},{"id":9223372036854775538,"category":{"id":0,"name":"string"},"name":"${804913442+900421304}","photoUrls":["string"],"tags":[{"id":0,"name":"string"}],"status":"available"},{"id":9223372036854775539,"category":{"id":0,"name":"string"},"name":"#set($c=803641977+872269157)${c}$c","photoUrls":["string"],"tags":[{"id":0,"name":"string"}],"status":"available"},{"id":9223372036854775540,"category":{"id":0,"name":"%u002e%u002e%u2215%u002e%u002e%u2215%u002e%u002e%u2215%u002e%u002e%u2215%u002e%u002e%u2215%u002e%u002e%u2215etc%u2215passwd"},"name":"doggie","photoUrls":["string"],"tags":[{"id":0,"name":"string"}],"status":"available"},{"id":9223372036854775541,"category":{"id":0,"name":"%2e%2e%5c%2e%2e%5c%2e%2e%5c%2e%2e%5c%2e%2e%5c%2e%2e%5c%2e%2e%5c%2e%2e%5c%2e%2e%5c%2e%2e%5c%2e%2e%5c%2e%2e%5c%2e%2e%5c%2e%2e%5c%2e%2e%5c%2e%2e%5c%2e%2e%5c%2e%2e%5cwindows/win%2eini"},"name":"doggie","photoUrls":["string"],"tags":[{"id":0,"name":"string"}],"status":"available"},{"id":9223372036854775542,"category":{"id":0,"name":"string"},"name":"${@var_dump(md5(819302563))};","photoUrls":["string"],"tags":[{"id":0,"name":"string"}],"status":"available"},{"id":9223372036854775544,"category":{"id":0,"name":"string"},"name":"<%- 848286309+922148943 %>","photoUrls":["string"],"tags":[{"id":0,"name":"string"}],"status":"available"},{"id":9223372036854775545,"category":{"id":0,"name":"string"},"name":"${(995645275+933067270)?c}","photoUrls":["string"],"tags":[{"id":0,"name":"string"}],"status":"available"},{"id":9223372036854775546,"category":{"id":0,"name":"string\nexpr 929126071 + 994806384\n"},"name":"doggie","photoUrls":["string"],"tags":[{"id":0,"name":"string"}],"status":"available"},{"id":9223372036854775547,"category":{"id":0,"name":"/etc/passwd"},"name":"doggie","photoUrls":["string"],"tags":[{"id":0,"name":"string"}],"status":"available"},{"id":9223372036854775548,"category":{"id":0,"name":"string"},"name":"'-var_dump(md5(443115602))-'","photoUrls":["string"],"tags":[{"id":0,"name":"string"}],"status":"available"},{"id":9223372036854775551,"category":{"id":0,"name":"string"},"name":"#set($c=847050042+981406256)${c}$c","photoUrls":["string"],"tags":[{"id":0,"name":"string"}],"status":"available"},{"id":9223372036854775552,"category":{"id":0,"name":"string|expr 901678881 + 959346443 "},"name":"doggie","photoUrls":["string"],"tags":[{"id":0,"name":"string"}],"status":"available"},{"id":9223372036854775553,"category":{"id":0,"name":"/etc/passwd\u0000string"},"name":"doggie","photoUrls":["string"],"tags":[{"id":0,"name":"string"}],"status":"available"},{"id":9223372036854775554,"category":{"id":0,"name":"%u002e%u002e%u2216%u002e%u002e%u2216%u002e%u002e%u2216%u002e%u002e%u2216%u002e%u002e%u2216%u002e%u002e%u2216%u002e%u002e%u2216%u002e%u002e%u2216%u002e%u002e%u2216%u002e%u002e%u2216%u002e%u002e%u2216%u002e%u002e%u2216%u002e%u002e%u2216%u002e%u002e%u2216%u002e%u002e%u2216%u002e%u002e%u2216%u002e%u002e%u2216%u002e%u002e%u2216windows/win%u002eini"},"name":"doggie","photoUrls":["string"],"tags":[{"id":0,"name":"string"}],"status":"available"},{"id":9223372036854775557,"category":{"id":0,"name":"string"},"name":"<%- 850517346+900747681 %>","photoUrls":["string"],"tags":[{"id":0,"name":"string"}],"status":"available"},{"id":9223372036854775558,"category":{"id":0,"name":"string$(expr 882246711 + 905293671)"},"name":"doggie","photoUrls":["string"],"tags":[{"id":0,"name":"string"}],"status":"available"},{"id":9223372036854775559,"category":{"id":0,"name":"string\nexpr 854213780 + 853214463\n"},"name":"doggie","photoUrls":["string"],"tags":[{"id":0,"name":"string"}],"status":"available"},{"id":9223372036854775560,"category":{"id":0,"name":"%2fetc%2fpasswd"},"name":"doggie","photoUrls":["string"],"tags":[{"id":0,"name":"string"}],"status":"available"},{"id":9223372036854775561,"category":{"id":0,"name":"string'and/**/extractvalue(1,concat(char(126),md5(1117159080)))and'"},"name":"doggie","photoUrls":["string"],"tags":[{"id":0,"name":"string"}],"status":"available"},{"id":9223372036854775564,"category":{"id":0,"name":"..\\..\\..\\..\\..\\..\\windows/win.ini"},"name":"doggie","photoUrls":["string"],"tags":[{"id":0,"name":"string"}],"status":"available"},{"id":9223372036854775565,"category":{"id":0,"name":"string&set /A 938342511+979762121"},"name":"doggie","photoUrls":["string"],"tags":[{"id":0,"name":"string"}],"status":"available"},{"id":9223372036854775566,"category":{"id":0,"name":"string|expr 973570519 + 997471744 "},"name":"doggie","photoUrls":["string"],"tags":[{"id":0,"name":"string"}],"status":"available"},{"id":9223372036854775567,"category":{"id":0,"name":"%u2215etc%u2215passwd"},"name":"doggie","photoUrls":["string"],"tags":[{"id":0,"name":"string"}],"status":"available"},{"id":9223372036854775571,"category":{"id":0,"name":".\\..\\..\\..\\..\\..\\..\\windows/win.ini"},"name":"doggie","photoUrls":["string"],"tags":[{"id":0,"name":"string"}],"status":"available"},{"id":9223372036854775572,"category":{"id":0,"name":"..\\..\\..\\..\\..\\..\\..\\..\\..\\..\\..\\..\\..\\..\\..\\..\\..\\..\\windows/win.ini"},"name":"doggie","photoUrls":["string"],"tags":[{"id":0,"name":"string"}],"status":"available"},{"id":9223372036854775574,"category":{"id":0,"name":"string\"and/**/extractvalue(1,concat(char(126),md5(1159351042)))and\""},"name":"doggie","photoUrls":["string"],"tags":[{"id":0,"name":"string"}],"status":"available"},{"id":9223372036854775577,"category":{"id":0,"name":".\\..\\..\\..\\..\\..\\..\\..\\..\\..\\..\\..\\..\\..\\..\\..\\..\\..\\..\\windows/win.ini"},"name":"doggie","photoUrls":["string"],"tags":[{"id":0,"name":"string"}],"status":"available"},{"id":9223372036854775578,"category":{"id":0,"name":"string$(expr 850694805 + 907271511)"},"name":"doggie","photoUrls":["string"],"tags":[{"id":0,"name":"string"}],"status":"available"},{"id":9223372036854775579,"category":{"id":0,"name":"expr 946430535 + 851395550"},"name":"doggie","photoUrls":["string"],"tags":[{"id":0,"name":"string"}],"status":"available"},{"id":9223372036854775580,"category":{"id":0,"name":"..\\..\\..\\..\\..\\..\\windows/win.ini\u0000string"},"name":"doggie","photoUrls":["string"],"tags":[{"id":0,"name":"string"}],"status":"available"},{"id":9223372036854775583,"category":{"id":0,"name":"extractvalue(1,concat(char(126),md5(1154582838)))"},"name":"doggie","photoUrls":["string"],"tags":[{"id":0,"name":"string"}],"status":"available"},{"id":9223372036854775584,"category":{"id":0,"name":"..\\..\\..\\..\\..\\..\\..\\..\\..\\..\\..\\..\\..\\..\\..\\..\\..\\..\\windows/win.ini\u0000string"},"name":"doggie","photoUrls":["string"],"tags":[{"id":0,"name":"string"}],"status":"available"},{"id":9223372036854775585,"category":{"id":0,"name":"string&set /A 993051937+941874241"},"name":"doggie","photoUrls":["string"],"tags":[{"id":0,"name":"string"}],"status":"available"},{"id":9223372036854775586,"category":{"id":0,"name":"string"},"name":"doggie\nexpr 810859911 + 810512503\n","photoUrls":["string"],"tags":[{"id":0,"name":"string"}],"status":"available"},{"id":9223372036854775587,"category":{"id":0,"name":"%2e%2e%5c%2e%2e%5c%2e%2e%5c%2e%2e%5c%2e%2e%5c%2e%2e%5cwindows/win%2eini"},"name":"doggie","photoUrls":["string"],"tags":[{"id":0,"name":"string"}],"status":"available"},{"id":9223372036854775590,"category":{"id":0,"name":"%2e%2e%5c%2e%2e%5c%2e%2e%5c%2e%2e%5c%2e%2e%5c%2e%2e%5c%2e%2e%5c%2e%2e%5c%2e%2e%5c%2e%2e%5c%2e%2e%5c%2e%2e%5c%2e%2e%5c%2e%2e%5c%2e%2e%5c%2e%2e%5c%2e%2e%5c%2e%2e%5cwindows/win%2eini"},"name":"doggie","photoUrls":["string"],"tags":[{"id":0,"name":"string"}],"status":"available"},{"id":9223372036854775591,"category":{"id":0,"name":"expr 945886333 + 886267410"},"name":"doggie","photoUrls":["string"],"tags":[{"id":0,"name":"string"}],"status":"available"},{"id":9223372036854775592,"category":{"id":0,"name":"string"},"name":"doggie|expr 902322052 + 832160885 ","photoUrls":["string"],"tags":[{"id":0,"name":"string"}],"status":"available"},{"id":9223372036854775593,"category":{"id":0,"name":"%u002e%u002e%u2216%u002e%u002e%u2216%u002e%u002e%u2216%u002e%u002e%u2216%u002e%u002e%u2216%u002e%u002e%u2216windows/win%u002eini"},"name":"doggie","photoUrls":["string"],"tags":[{"id":0,"name":"string"}],"status":"available"},{"id":23706,"category":{"id":1,"name":"Dogs"},"name":"TestPet_XML","photoUrls":["https://example.com/photo1.jpg"],"tags":[{"id":1,"name":"test-tag"}],"status":"available"},{"id":22791,"category":{"id":1,"name":"Dogs"},"name":"TestPet_XML","photoUrls":["https://example.com/photo1.jpg"],"tags":[{"id":1,"name":"test-tag"}],"status":"available"},{"id":22023,"category":{"id":1,"name":"Dogs"},"name":"TestPet_XML","photoUrls":["https://example.com/photo1.jpg"],"tags":[{"id":1,"name":"test-tag"}],"status":"available"},{"id":9223372036854775596,"category":{"id":0,"name":"string'and(select'1'from/**/cast(md5(1487792805)as/**/int))>'0"},"name":"doggie","photoUrls":["string"],"tags":[{"id":0,"name":"string"}],"status":"available"},{"id":9223372036854775597,"category":{"id":0,"name":"%u002e%u002e%u2216%u002e%u002e%u2216%u002e%u002e%u2216%u002e%u002e%u2216%u002e%u002e%u2216%u002e%u002e%u2216%u002e%u002e%u2216%u002e%u002e%u2216%u002e%u002e%u2216%u002e%u002e%u2216%u002e%u002e%u2216%u002e%u002e%u2216%u002e%u002e%u2216%u002e%u002e%u2216%u002e%u002e%u2216%u002e%u002e%u2216%u002e%u002e%u2216%u002e%u002e%u2216windows/win%u002eini"},"name":"doggie","photoUrls":["string"],"tags":[{"id":0,"name":"string"}],"status":"available"},{"id":9223372036854775598,"category":{"id":0,"name":"string"},"name":"doggie$(expr 922087283 + 991711795)","photoUrls":["string"],"tags":[{"id":0,"name":"string"}],"status":"available"},{"id":9223372036854775599,"category":{"id":0,"name":"../../../../../../../../../../../../../../../../../../windows/win.ini"},"name":"doggie","photoUrls":["string"],"tags":[{"id":0,"name":"string"}],"status":"available"},{"id":846582,"category":{"id":846582,"name":"kangs name"},"name":"doggie","photoUrls":["kangs url"],"tags":[{"id":846582,"name":"kangs tag 846582"}],"status":"available"},{"id":24623,"category":{"id":1,"name":"Dogs"},"name":"TestPet_XML","photoUrls":["https://example.com/photo1.jpg"],"tags":[{"id":1,"name":"test-tag"}],"status":"available"},{"id":769799,"category":{"id":769799,"name":"kangs name"},"name":"doggie","photoUrls":["kangs url"],"tags":[{"id":769799,"name":"kangs tag 769799"}],"status":"available"},{"id":197722,"category":{"id":1,"name":"Dogs"},"name":"TestDog-197722","photoUrls":["https://example.com/photo1.jpg"],"tags":[{"id":1,"name":"test-tag"}],"status":"available"},{"id":9223372036854775602,"category":{"id":0,"name":"string/**/and/**/cast(md5('1613779277')as/**/int)>0"},"name":"doggie","photoUrls":["string"],"tags":[{"id":0,"name":"string"}],"status":"available"},{"id":9223372036854775603,"category":{"id":0,"name":"string"},"name":"doggie&set /A 908197231+821061764","photoUrls":["string"],"tags":[{"id":0,"name":"string"}],"status":"available"},{"id":9223372036854775604,"category":{"id":0,"name":"./../../../../../../../../../../../../../../../../../../windows/win.ini"},"name":"doggie","photoUrls":["string"],"tags":[{"id":0,"name":"string"}],"status":"available"},{"id":9223372036854775605,"category":{"id":0,"name":"..\\..\\..\\..\\..\\..\\windows/win.ini"},"name":"doggie","photoUrls":["string"],"tags":[{"id":0,"name":"string"}],"status":"available"},{"id":9223372036854775606,"category":{"id":0,"name":"../../../../../../../../../../../../../../../../../../windows/win.ini\u0000string"},"name":"doggie","photoUrls":["string"],"tags":[{"id":0,"name":"string"}],"status":"available"},{"id":9223372036854775608,"category":{"id":0,"name":"convert(int,sys.fn_sqlvarbasetostr(HashBytes('MD5','1863041333')))"},"name":"doggie","photoUrls":["string"],"tags":[{"id":0,"name":"string"}],"status":"available"},{"id":9223372036854775609,"category":{"id":0,"name":".\\..\\..\\..\\..\\..\\..\\windows/win.ini"},"name":"doggie","photoUrls":["string"],"tags":[{"id":0,"name":"string"}],"status":"available"},{"id":9223372036854775610,"category":{"id":0,"name":"%2e%2e%2f%2e%2e%2f%2e%2e%2f%2e%2e%2f%2e%2e%2f%2e%2e%2f%2e%2e%2f%2e%2e%2f%2e%2e%2f%2e%2e%2f%2e%2e%2f%2e%2e%2f%2e%2e%2f%2e%2e%2f%2e%2e%2f%2e%2e%2f%2e%2e%2f%2e%2e%2fwindows%2fwin%2eini"},"name":"doggie","photoUrls":["string"],"tags":[{"id":0,"name":"string"}],"status":"available"},{"id":9223372036854775612,"category":{"id":0,"name":"string'and/**/convert(int,sys.fn_sqlvarbasetostr(HashBytes('MD5','1028939103')))>'0"},"name":"doggie","photoUrls":["string"],"tags":[{"id":0,"name":"string"}],"status":"available"},{"id":9223372036854775613,"category":{"id":0,"name":"string"},"name":"expr 912621096 + 821767563","photoUrls":["string"],"tags":[{"id":0,"name":"string"}],"status":"available"},{"id":9223372036854775614,"category":{"id":0,"name":"..\\..\\..\\..\\..\\..\\windows/win.ini\u0000string"},"name":"doggie","photoUrls":["string"],"tags":[{"id":0,"name":"string"}],"status":"available"},{"id":9223372036854775615,"category":{"id":0,"name":"%u002e%u002e%u2215%u002e%u002e%u2215%u002e%u002e%u2215%u002e%u002e%u2215%u002e%u002e%u2215%u002e%u002e%u2215%u002e%u002e%u2215%u002e%u002e%u2215%u002e%u002e%u2215%u002e%u002e%u2215%u002e%u002e%u2215%u002e%u002e%u2215%u002e%u002e%u2215%u002e%u002e%u2215%u002e%u002e%u2215%u002e%u002e%u2215%u002e%u002e%u2215%u002e%u002e%u2215windows%u2215win%u002eini"},"name":"doggie","photoUrls":["string"],"tags":[{"id":0,"name":"string"}],"status":"available"},{"id":9223372036854775617,"category":{"id":0,"name":"string鎈'\"\\("},"name":"doggie","photoUrls":["string"],"tags":[{"id":0,"name":"string"}],"status":"available"},{"id":9223372036854775619,"category":{"id":0,"name":"%2e%2e%5c%2e%2e%5c%2e%2e%5c%2e%2e%5c%2e%2e%5c%2e%2e%5cwindows/win%2eini"},"name":"doggie","photoUrls":["string"],"tags":[{"id":0,"name":"string"}],"status":"available"},{"id":9223372036854775621,"category":{"id":0,"name":"../../../../../../windows/win.ini"},"name":"doggie","photoUrls":["string"],"tags":[{"id":0,"name":"string"}],"status":"available"},{"id":9223372036854775622,"category":{"id":0,"name":"string'\"\\("},"name":"doggie","photoUrls":["string"],"tags":[{"id":0,"name":"string"}],"status":"available"},{"id":9223372036854775624,"category":{"id":0,"name":"%u002e%u002e%u2216%u002e%u002e%u2216%u002e%u002e%u2216%u002e%u002e%u2216%u002e%u002e%u2216%u002e%u002e%u2216windows/win%u002eini"},"name":"doggie","photoUrls":["string"],"tags":[{"id":0,"name":"string"}],"status":"available"},{"id":9223372036854775625,"category":{"id":0,"name":"./../../../../../../windows/win.ini"},"name":"doggie","photoUrls":["string"],"tags":[{"id":0,"name":"string"}],"status":"available"},{"id":9223372036854775626,"category":{"id":0,"name":"string"},"name":"doggie'and/**/extractvalue(1,concat(char(126),md5(1586052270)))and'","photoUrls":["string"],"tags":[{"id":0,"name":"string"}],"status":"available"},{"id":9223372036854775628,"category":{"id":0,"name":"../../../../../../../../../../../../../../../../../../windows/win.ini"},"name":"doggie","photoUrls":["string"],"tags":[{"id":0,"name":"string"}],"status":"available"},{"id":496052,"category":{"id":496052,"name":"kangs name"},"name":"doggie","photoUrls":["kangs url"],"tags":[{"id":496052,"name":"kangs tag 496052"}],"status":"available"},{"id":24215,"category":{"id":1,"name":"Dogs"},"name":"TestPet_XML","photoUrls":["https://example.com/photo1.jpg"],"tags":[{"id":1,"name":"test-tag"}],"status":"available"},{"id":120162,"category":{"id":1,"name":"Dogs"},"name":"TestPet_XML","photoUrls":["https://example.com/photo1.jpg"],"tags":[{"id":1,"name":"test-tag"}],"status":"available"},{"id":645551,"category":{"id":1,"name":"Dogs"},"name":"TestDog-645551","photoUrls":["https://example.com/photo1.jpg"],"tags":[{"id":1,"name":"test-tag"}],"status":"available"},{"id":28489,"category":{"id":28489,"name":"kangs name"},"name":"doggie","photoUrls":["kangs url"],"tags":[{"id":28489,"name":"kangs tag 28489"}],"status":"available"},{"id":122568,"category":{"id":1,"name":"Dogs"},"name":"TestPet_XML","photoUrls":["https://example.com/photo1.jpg"],"tags":[{"id":1,"name":"test-tag"}],"status":"available"},{"id":304022,"category":{"id":1,"name":"Dogs"},"name":"TestPet_XML","photoUrls":["https://example.com/photo1.jpg"],"tags":[{"id":1,"name":"test-tag"}],"status":"available"},{"id":46739,"category":{"id":46739,"name":"kangs name"},"name":"doggie","photoUrls":["kangs url"],"tags":[{"id":46739,"name":"kangs tag 46739"}],"status":"available"},{"id":149972,"category":{"id":149972,"name":"kangs name"},"name":"doggie","photoUrls":["kangs url"],"tags":[{"id":149972,"name":"kangs tag 149972"}],"status":"available"},{"id":738628,"category":{"id":738628,"name":"kangs name"},"name":"doggie","photoUrls":["kangs url"],"tags":[{"id":738628,"name":"kangs tag 738628"}],"status":"available"},{"id":405049,"category":{"id":405049,"name":"kangs name"},"name":"doggie","photoUrls":["kangs url"],"tags":[{"id":405049,"name":"kangs tag 405049"}],"status":"available"},{"id":124873,"category":{"id":1,"name":"Dogs"},"name":"TestPet_XML","photoUrls":["https://example.com/photo1.jpg"],"tags":[{"id":1,"name":"test-tag"}],"status":"available"},{"id":877063,"category":{"id":877063,"name":"kangs name"},"name":"doggie","photoUrls":["kangs url"],"tags":[{"id":877063,"name":"kangs tag 877063"}],"status":"available"},{"id":691673,"category":{"id":691673,"name":"kangs name"},"name":"doggie","photoUrls":["kangs url"],"tags":[{"id":691673,"name":"kangs tag 691673"}],"status":"available"},{"id":9223372036854775649,"category":{"id":0,"name":"string"},"name":"fish","photoUrls":["string"],"tags":[{"id":0,"name":"string"}],"status":"available"},{"id":9222968140491042131,"category":{"id":0,"name":"string"},"name":"doggie","photoUrls":["string"],"tags":[{"id":0,"name":"string"}],"status":"available"},{"id":9223372036854775650,"category":{"id":0,"name":"string"},"name":"fish","photoUrls":["string"],"tags":[{"id":0,"name":"string"}],"status":"available"},{"id":810694,"category":{"id":810694,"name":"kangs name"},"name":"doggie","photoUrls":["kangs url"],"tags":[{"id":810694,"name":"kangs tag 810694"}],"status":"available"},{"id":908178,"category":{"id":908178,"name":"kangs name"},"name":"doggie","photoUrls":["kangs url"],"tags":[{"id":908178,"name":"kangs tag 908178"}],"status":"available"},{"id":612850,"category":{"id":612850,"name":"kangs name"},"name":"doggie","photoUrls":["kangs url"],"tags":[{"id":612850,"name":"kangs tag 612850"}],"status":"available"},{"id":895764,"category":{"id":895764,"name":"kangs name"},"name":"doggie","photoUrls":["kangs url"],"tags":[{"id":895764,"name":"kangs tag 895764"}],"status":"available"},{"id":89911,"category":{"id":89911,"name":"kangs name"},"name":"doggie","photoUrls":["kangs url"],"tags":[{"id":89911,"name":"kangs tag 89911"}],"status":"available"},{"id":9223372036854775654,"category":{"id":0,"name":"string"},"name":"monyet","photoUrls":["string"],"tags":[{"id":0,"name":"string"}],"status":"available"},{"id":809212,"category":{"id":809212,"name":"kangs name"},"name":"doggie","photoUrls":["kangs url"],"tags":[{"id":809212,"name":"kangs tag 809212"}],"status":"available"},{"id":290656,"category":{"id":290656,"name":"kangs name"},"name":"doggie","photoUrls":["kangs url"],"tags":[{"id":290656,"name":"kangs tag 290656"}],"status":"available"},{"id":869790,"category":{"id":869790,"name":"kangs name"},"name":"doggie","photoUrls":["kangs url"],"tags":[{"id":869790,"name":"kangs tag 869790"}],"status":"available"},{"id":85501,"category":{"id":85501,"name":"kangs name"},"name":"doggie","photoUrls":["kangs url"],"tags":[{"id":85501,"name":"kangs tag 85501"}],"status":"available"},{"id":75605,"category":{"id":1,"name":"Dogs"},"name":"TestDog-75605","photoUrls":["https://example.com/photo1.jpg"],"tags":[{"id":1,"name":"test-tag"}],"status":"available"},{"id":302834,"category":{"id":302834,"name":"kangs name"},"name":"doggie","photoUrls":["kangs url"],"tags":[{"id":302834,"name":"kangs tag 302834"}],"status":"available"},{"id":97565,"category":{"id":1,"name":"Dogs"},"name":"TestDog-97565","photoUrls":["https://example.com/photo1.jpg"],"tags":[{"id":1,"name":"test-tag"}],"status":"available"},{"id":562147,"category":{"id":562147,"name":"kangs name"},"name":"doggie","photoUrls":["kangs url"],"tags":[{"id":562147,"name":"kangs tag 562147"}],"status":"available"},{"id":842117,"category":{"id":842117,"name":"kangs name"},"name":"doggie","photoUrls":["kangs url"],"tags":[{"id":842117,"name":"kangs tag 842117"}],"status":"available"},{"id":256820,"category":{"id":256820,"name":"kangs name"},"name":"doggie","photoUrls":["kangs url"],"tags":[{"id":256820,"name":"kangs tag 256820"}],"status":"available"},{"id":112600,"category":{"id":112600,"name":"kangs name"},"name":"doggie","photoUrls":["kangs url"],"tags":[{"id":112600,"name":"kangs tag 112600"}],"status":"available"},{"id":804812,"category":{"id":804812,"name":"kangs name"},"name":"doggie","photoUrls":["kangs url"],"tags":[{"id":804812,"name":"kangs tag 804812"}],"status":"available"},{"id":267877,"category":{"id":267877,"name":"kangs name"},"name":"doggie","photoUrls":["kangs url"],"tags":[{"id":267877,"name":"kangs tag 267877"}],"status":"available"},{"id":488365,"category":{"id":488365,"name":"kangs name"},"name":"doggie","photoUrls":["kangs url"],"tags":[{"id":488365,"name":"kangs tag 488365"}],"status":"available"},{"id":9223372036854775664,"category":{"id":0,"name":"string"},"name":"string","photoUrls":[],"tags":[],"status":"available"},{"id":921215,"category":{"id":921215,"name":"kangs name"},"name":"doggie","photoUrls":["kangs url"],"tags":[{"id":921215,"name":"kangs tag 921215"}],"status":"available"},{"id":15989,"category":{"id":1,"name":"Dogs"},"name":"TestPet_XML","photoUrls":["https://example.com/photo1.jpg"],"tags":[{"id":1,"name":"test-tag"}],"status":"available"},{"id":526135,"category":{"id":526135,"name":"kangs name"},"name":"doggie","photoUrls":["kangs url"],"tags":[{"id":526135,"name":"kangs tag 526135"}],"status":"available"},{"id":710109,"category":{"id":710109,"name":"kangs name"},"name":"doggie","photoUrls":["kangs url"],"tags":[{"id":710109,"name":"kangs tag 710109"}],"status":"available"},{"id":672958,"category":{"id":672958,"name":"kangs name"},"name":"doggie","photoUrls":["kangs url"],"tags":[{"id":672958,"name":"kangs tag 672958"}],"status":"available"},{"id":19911,"category":{"id":1,"name":"Dogs"},"name":"TestPet_XML","photoUrls":["https://example.com/photo1.jpg"],"tags":[{"id":1,"name":"test-tag"}],"status":"available"},{"id":206823,"category":{"id":206823,"name":"kangs name"},"name":"doggie","photoUrls":["kangs url"],"tags":[{"id":206823,"name":"kangs tag 206823"}],"status":"available"},{"id":20350,"category":{"id":1,"name":"Dogs"},"name":"TestPet_XML","photoUrls":["https://example.com/photo1.jpg"],"tags":[{"id":1,"name":"test-tag"}],"status":"available"},{"id":9223372036854775666,"category":{"id":999,"name":"hummingbird"},"name":"my-hummingbird","photoUrls":["https://www.hummingbird.com"],"tags":[{"id":0,"name":"bird"}],"status":"available"},{"id":9223372036854775670,"category":{"id":0,"name":"string"},"name":"fish","photoUrls":["string"],"tags":[{"id":0,"name":"string"}],"status":"available"},{"id":21012,"category":{"id":1,"name":"Dogs"},"name":"TestPet_XML","photoUrls":["https://example.com/photo1.jpg"],"tags":[{"id":1,"name":"test-tag"}],"status":"available"},{"id":21605,"category":{"id":1,"name":"Dogs"},"name":"TestPet_XML","photoUrls":["https://example.com/photo1.jpg"],"tags":[{"id":1,"name":"test-tag"}],"status":"available"},{"id":123491,"category":{"id":1,"name":"Dogs"},"name":"TestDog-123491","photoUrls":["https://example.com/photo1.jpg"],"tags":[{"id":1,"name":"test-tag"}],"status":"available"},{"id":699621,"category":{"id":699621,"name":"kangs name"},"name":"doggie","photoUrls":["kangs url"],"tags":[{"id":699621,"name":"kangs tag 699621"}],"status":"available"},{"id":117663,"category":{"id":1,"name":"Dogs"},"name":"TestPet_XML","photoUrls":["https://example.com/photo1.jpg"],"tags":[{"id":1,"name":"test-tag"}],"status":"available"},{"id":9222968140497180179,"category":{"id":0,"name":"string"},"name":"test","photoUrls":["string"],"tags":[{"id":0,"name":"string"}],"status":"available"},{"id":9223372036854775676,"name":"Fluffy","photoUrls":[],"tags":[],"status":"available"},{"id":9223372036854775679,"photoUrls":[],"tags":[],"status":"available"},{"id":9223372036854775682,"name":"Test Item","photoUrls":[],"tags":[],"status":"available"},{"id":1245,"category":{"id":1245,"name":"xyz"},"name":"xyz","photoUrls":["test"],"tags":[],"status":"available"},{"id":9223372036854775689,"category":{"id":0,"name":"cat"},"name":"katy","photoUrls":["string"],"tags":[{"id":0,"name":"katy"}],"status":"available"},{"id":9223372036854775690,"category":{"id":0,"name":"string"},"name":"fish","photoUrls":["string"],"tags":[{"id":0,"name":"string"}],"status":"available"},{"id":9223372036854775693,"category":{"id":0,"name":"string"},"name":"fish","photoUrls":["string"],"tags":[{"id":0,"name":"string"}],"status":"available"},{"id":7689,"category":{"id":0,"name":"Cotton"},"name":"Cat","photoUrls":["string"],"tags":[{"id":0,"name":"Pretty cat"}],"status":"available"},{"id":9223372036854775697,"category":{"id":0,"name":"string"},"name":"cat","photoUrls":["https://klike.net/uploads/posts/2023-01/1675061232_3-62.jpg"],"tags":[{"id":0,"name":"string"}],"status":"available"},{"id":122333,"name":"Badhri","photoUrls":[],"tags":[],"status":"available"},{"id":9223372036854775702,"name":"Fluffy","photoUrls":[],"tags":[],"status":"available"},{"id":9223372036854775708,"photoUrls":[],"tags":[],"status":"available"},{"id":42676290,"category":{"id":-79249308,"name":"dolore commodo occaecat q"},"name":"doggie","photoUrls":["enim dolore","ad cillum dolore occaecat"],"tags":[{"id":-712768,"name":"dolore eiusmod"},{"id":38107720,"name":"enim mollit"}],"status":"available"},{"id":58887966,"category":{"id":-19546612,"name":"eu sunt sit ullamco"},"name":"doggie","photoUrls":["ea aute enim","ex enim in"],"tags":[{"id":62380181,"name":"et esse"},{"id":-41177397,"name":"ullamco non officia"}],"status":"available"},{"id":9223372036854775714,"name":"Test Item","photoUrls":[],"tags":[],"status":"available"},{"id":9223372036854775715,"category":{"id":0,"name":"string"},"name":"fish","photoUrls":["string"],"tags":[{"id":0,"name":"string"}],"status":"available"},{"id":857547,"category":{"id":0,"name":"Buldog"},"name":"finoNew","photoUrls":["string"],"tags":[{"id":0,"name":"the best dog"}],"status":"available"},{"id":4,"category":{"id":0,"name":"dog"},"name":"15aprilchanged","photoUrls":["string"],"tags":[{"id":0,"name":"string"}],"status":"available"},{"id":1488148814881488,"category":{"id":0,"name":"string"},"name":"Antonio_OReilly78","photoUrls":["string"],"tags":[{"id":0,"name":"string"}],"status":"available"},{"id":9223372036854775721,"category":{"id":0,"name":"string"},"name":"Max","photoUrls":["string"],"tags":[{"id":0,"name":"string"}],"status":"available"},{"id":9223372036854775731,"category":{"id":0,"name":"Pomeranian"},"name":"Yeontn","photoUrls":["https://www.google.com/url?sa=i&url=https%3A%2F%2Fwikibio.in%2Fyeontan%2F&psig=AOvVaw0UdJeOGlk-jKSOtT-nplW1&ust=1682581409377000&source=images&cd=vfe&ved=0CA4QjRxqFwoTCMCQvJiuyP4CFQAAAAAdAAAAABAI"],"tags":[{"id":0,"name":"Dog"}],"status":"available"},{"id":9223372036854775734,"category":{"id":0,"name":"string"},"name":"doggie","photoUrls":["string"],"tags":[{"id":0,"name":"string"}],"status":"available"},{"id":9223372036854775735,"category":{"id":0,"name":"string"},"name":"doggie","photoUrls":["string"],"tags":[{"id":0,"name":"string"}],"status":"available"},{"id":9223372036854775742,"name":"doggie","photoUrls":[],"tags":[],"status":"available"},{"id":9223372036854775745,"category":{"id":0,"name":"string"},"name":"fish","photoUrls":["string"],"tags":[{"id":0,"name":"string"}],"status":"available"},{"id":9223372036854775746,"category":{"id":0,"name":"string"},"name":"fish","photoUrls":["string"],"tags":[{"id":0,"name":"string"}],"status":"available"},{"id":9223372036854775750,"category":{"id":0,"name":"string"},"name":"doggie","photoUrls":["string"],"tags":[{"id":0,"name":"string"}],"status":"available"},{"id":9223372036854775754,"category":{"id":0,"name":"string"},"name":"doggie","photoUrls":["string"],"tags":[{"id":0,"name":"string"}],"status":"available"},{"id":112233,"category":{"id":30,"name":"Eq-dog"},"name":"Postman","photoUrls":["URLLink"],"tags":[{"id":10,"name":"Doberman"}],"status":"available"},{"id":9223372036854775758,"category":{"id":0,"name":"string"},"name":"doggie","photoUrls":["string"],"tags":[{"id":0,"name":"string"}],"status":"available"},{"id":9223372036854775765,"category":{"id":0,"name":"string"},"name":"fish","photoUrls":["string"],"tags":[{"id":0,"name":"string"}],"status":"available"},{"id":1776582484221,"name":"Rex","photoUrls":["https://example.com/photo.jpg"],"tags":[],"status":"available"},{"id":9223372036854775777,"name":"Fluffy","photoUrls":[],"tags":[],"status":"available"},{"id":9223372036854775779,"photoUrls":[],"tags":[],"status":"available"},{"id":9223372036854775781,"name":"Test Item","photoUrls":[],"tags":[],"status":"available"},{"id":9223372036854775788,"category":{"id":0,"name":"string"},"name":"fish","photoUrls":["string"],"tags":[{"id":0,"name":"string"}],"status":"available"},{"id":9223372036854775791,"category":{"id":0,"name":"string"},"name":"fish","photoUrls":["string"],"tags":[{"id":0,"name":"string"}],"status":"available"},{"id":2001,"name":"dog","photoUrls":[],"tags":[],"status":"available"},{"id":2002,"name":"cat","photoUrls":[],"tags":[],"status":"available"},{"id":3001,"photoUrls":[],"tags":[],"status":"available"},{"id":9223372036854775803,"category":{"id":0,"name":"string"},"name":"doggie","photoUrls":["string"],"tags":[{"id":0,"name":"string"}],"status":"available"},{"id":712086,"category":{"id":712086,"name":"kangs name"},"name":"doggie","photoUrls":["kangs url"],"tags":[{"id":712086,"name":"kangs tag 712086"}],"status":"available"},{"id":565909,"category":{"id":565909,"name":"kangs name"},"name":"doggie","photoUrls":["kangs url"],"tags":[{"id":565909,"name":"kangs tag 565909"}],"status":"available"},{"id":614809,"category":{"id":614809,"name":"kangs name"},"name":"doggie","photoUrls":["kangs url"],"tags":[{"id":614809,"name":"kangs tag 614809"}],"status":"available"},{"id":129915,"category":{"id":129915,"name":"kangs name"},"name":"doggie","photoUrls":["kangs url"],"tags":[{"id":129915,"name":"kangs tag 129915"}],"status":"available"},{"id":167,"category":{"id":2,"name":"cat"},"name":"purplefieldstester167","photoUrls":["http://purplefieldstestimage1","http://purplefieldstestimage2"],"tags":[{"id":1,"name":"naughty"},{"id":2,"name":"nice"}],"status":"available"},{"id":1776584200857505,"category":{"id":1,"name":"automation-category"},"name":"pet-updated_1776584200857_8770","photoUrls":["pet-photo-placeholder"],"tags":[{"id":1,"name":"automation-tag"}],"status":"available"},{"id":1776584308146155,"category":{"id":1,"name":"automation-category"},"name":"pet-updated_1776584308146_8227","photoUrls":["pet-photo-placeholder"],"tags":[{"id":1,"name":"automation-tag"}],"status":"available"},{"id":752322,"category":{"id":752322,"name":"kangs name"},"name":"doggie","photoUrls":["kangs url"],"tags":[{"id":752322,"name":"kangs tag 752322"}],"status":"available"},{"id":65478,"category":{"id":1,"name":"Dogs"},"name":"TestDog-65478","photoUrls":["https://example.com/photo1.jpg"],"tags":[{"id":1,"name":"test-tag"}],"status":"available"},{"id":966626,"category":{"id":966626,"name":"kangs name"},"name":"doggie","photoUrls":["kangs url"],"tags":[{"id":966626,"name":"kangs tag 966626"}],"status":"available"},{"id":17,"name":"doggie","photoUrls":["test-string"],"tags":[{"id":94}],"status":"available"},{"id":255905,"category":{"id":255905,"name":"kangs name"},"name":"doggie","photoUrls":["kangs url"],"tags":[{"id":255905,"name":"kangs tag 255905"}],"status":"available"},{"id":403083,"category":{"id":403083,"name":"kangs name"},"name":"doggie","photoUrls":["kangs url"],"tags":[{"id":403083,"name":"kangs tag 403083"}],"status":"available"},{"id":45208,"category":{"id":45208,"name":"kangs name"},"name":"doggie","photoUrls":["kangs url"],"tags":[{"id":45208,"name":"kangs tag 45208"}],"status":"available"},{"id":1776584712698296,"category":{"id":1,"name":"automation-category"},"name":"pet-updated_1776584712701_5905","photoUrls":["pet-photo-placeholder"],"tags":[{"id":1,"name":"automation-tag"}],"status":"available"},{"id":1776584819487139,"category":{"id":1,"name":"automation-category"},"name":"pet-updated_1776584819488_3234","photoUrls":["pet-photo-placeholder"],"tags":[{"id":1,"name":"automation-tag"}],"status":"available"},{"id":123123123,"category":{"id":0,"name":"Dog"},"name":"prgun","photoUrls":["string"],"tags":[{"id":2345312,"name":"string"}],"status":"available"},{"id":1776585112327175,"category":{"id":1,"name":"automation-category"},"name":"pet-updated_1776585112327_6637","photoUrls":["pet-photo-placeholder"],"tags":[{"id":1,"name":"automation-tag"}],"status":"available"},{"id":1776585198504589,"category":{"id":1,"name":"automation-category"},"name":"pet-updated_1776585198504_2363","photoUrls":["pet-photo-placeholder"],"tags":[{"id":1,"name":"automation-tag"}],"status":"available"},{"id":12121,"category":{"id":0,"name":"string"},"name":"TestPetName","photoUrls":["string"],"tags":[{"id":0,"name":"string"}],"status":"available"},{"id":117668,"category":{"id":117668,"name":"kangs name"},"name":"doggie","photoUrls":["kangs url"],"tags":[{"id":117668,"name":"kangs tag 117668"}],"status":"available"},{"id":911887,"category":{"id":911887,"name":"kangs name"},"name":"doggie","photoUrls":["kangs url"],"tags":[{"id":911887,"name":"kangs tag 911887"}],"status":"available"},{"id":557658,"category":{"id":557658,"name":"kangs name"},"name":"doggie","photoUrls":["kangs url"],"tags":[{"id":557658,"name":"kangs tag 557658"}],"status":"available"},{"id":1776585396196606,"category":{"id":1,"name":"automation-category"},"name":"pet-updated_1776585396196_9557","photoUrls":["pet-photo-placeholder"],"tags":[{"id":1,"name":"automation-tag"}],"status":"available"},{"id":1776586085514238,"category":{"id":1,"name":"automation-category"},"name":"pet_1776586085514_1910","photoUrls":["pet-photo-placeholder"],"tags":[{"id":1,"name":"automation-tag"}],"status":"available"},{"id":1776586085514369,"category":{"id":1,"name":"automation-category"},"name":"pet-updated_1776586085514_5063","photoUrls":["pet-photo-placeholder"],"tags":[{"id":1,"name":"automation-tag"}],"status":"available"},{"id":485521,"category":{"id":1,"name":"Dogs"},"name":"TestPet_XML","photoUrls":["https://example.com/photo1.jpg"],"tags":[{"id":1,"name":"test-tag"}],"status":"available"},{"id":1776586139074640,"category":{"id":1,"name":"automation-category"},"name":"pet-updated_1776586139074_1630","photoUrls":["pet-photo-placeholder"],"tags":[{"id":1,"name":"automation-tag"}],"status":"available"},{"id":1776586139075835,"category":{"id":1,"name":"automation-category"},"name":"pet_1776586139075_5772","photoUrls":["pet-photo-placeholder"],"tags":[{"id":1,"name":"automation-tag"}],"status":"available"},{"id":2311,"category":{"id":2951,"name":"string"},"name":"doggie","photoUrls":["string","string"],"tags":[{"id":682,"name":"string"},{"id":2663,"name":"string"}],"status":"available"},{"id":1776586267172797,"category":{"id":1,"name":"automation-category"},"name":"pet-updated_1776586267172_2632","photoUrls":["pet-photo-placeholder"],"tags":[{"id":1,"name":"automation-tag"}],"status":"available"},{"id":486281,"category":{"id":1,"name":"Dogs"},"name":"TestPet_XML","photoUrls":["https://example.com/photo1.jpg"],"tags":[{"id":1,"name":"test-tag"}],"status":"available"},{"id":483156,"category":{"id":1,"name":"Dogs"},"name":"TestPet_XML","photoUrls":["https://example.com/photo1.jpg"],"tags":[{"id":1,"name":"test-tag"}],"status":"available"},{"id":486683,"category":{"id":1,"name":"Dogs"},"name":"TestPet_XML","photoUrls":["https://example.com/photo1.jpg"],"tags":[{"id":1,"name":"test-tag"}],"status":"available"},{"id":307471,"category":{"id":307471,"name":"kangs name"},"name":"doggie","photoUrls":["kangs url"],"tags":[{"id":307471,"name":"kangs tag 307471"}],"status":"available"},{"id":97581,"category":{"id":1,"name":"Dogs"},"name":"TestDog-97581","photoUrls":["https://example.com/photo1.jpg"],"tags":[{"id":1,"name":"test-tag"}],"status":"available"},{"id":695955,"category":{"id":695955,"name":"kangs name"},"name":"doggie","photoUrls":["kangs url"],"tags":[{"id":695955,"name":"kangs tag 695955"}],"status":"available"},{"id":276277,"category":{"id":276277,"name":"kangs name"},"name":"doggie","photoUrls":["kangs url"],"tags":[{"id":276277,"name":"kangs tag 276277"}],"status":"available"},{"id":473865,"category":{"id":473865,"name":"kangs name"},"name":"doggie","photoUrls":["kangs url"],"tags":[{"id":473865,"name":"kangs tag 473865"}],"status":"available"},{"id":503128,"category":{"id":503128,"name":"kangs name"},"name":"doggie","photoUrls":["kangs url"],"tags":[{"id":503128,"name":"kangs tag 503128"}],"status":"available"},{"id":187398,"category":{"id":187398,"name":"kangs name"},"name":"doggie","photoUrls":["kangs url"],"tags":[{"id":187398,"name":"kangs tag 187398"}],"status":"available"},{"id":1776586432918375,"category":{"id":1,"name":"automation-category"},"name":"pet-updated_1776586432918_8703","photoUrls":["pet-photo-placeholder"],"tags":[{"id":1,"name":"automation-tag"}],"status":"available"},{"id":1776586432918993,"category":{"id":1,"name":"automation-category"},"name":"pet_1776586432918_9751","photoUrls":["pet-photo-placeholder"],"tags":[{"id":1,"name":"automation-tag"}],"status":"available"},{"id":1776586432918484,"category":{"id":1,"name":"automation-category"},"name":"pet-updated_1776586432918_8971","photoUrls":["pet-photo-placeholder"],"tags":[{"id":1,"name":"automation-tag"}],"status":"available"},{"id":488629,"category":{"id":1,"name":"Dogs"},"name":"TestPet_XML","photoUrls":["https://example.com/photo1.jpg"],"tags":[{"id":1,"name":"test-tag"}],"status":"available"},{"id":964645,"category":{"id":964645,"name":"kangs name"},"name":"doggie","photoUrls":["kangs url"],"tags":[{"id":964645,"name":"kangs tag 964645"}],"status":"available"},{"id":877995,"category":{"id":877995,"name":"kangs name"},"name":"doggie","photoUrls":["kangs url"],"tags":[{"id":877995,"name":"kangs tag 877995"}],"status":"available"},{"id":488229,"category":{"id":1,"name":"Dogs"},"name":"TestPet_XML","photoUrls":["https://example.com/photo1.jpg"],"tags":[{"id":1,"name":"test-tag"}],"status":"available"},{"id":487707,"category":{"id":1,"name":"Dogs"},"name":"TestPet_XML","photoUrls":["https://example.com/photo1.jpg"],"tags":[{"id":1,"name":"test-tag"}],"status":"available"},{"id":255816,"category":{"id":255816,"name":"kangs name"},"name":"doggie","photoUrls":["kangs url"],"tags":[{"id":255816,"name":"kangs tag 255816"}],"status":"available"},{"id":348537,"category":{"id":348537,"name":"kangs name"},"name":"doggie","photoUrls":["ka
[...]
{"id":935370,"name":"kangs name"},"name":"doggie","photoUrls":["kangs url"],"tags":[{"id":935370,"name":"kangs tag 935370"}],"status":"available"},{"id":897495,"category":{"id":897495,"name":"kangs name"},"name":"doggie","photoUrls":["kangs url"],"tags":[{"id":897495,"name":"kangs tag 897495"}],"status":"available"},{"id":501283,"category":{"id":501283,"name":"kangs name"},"name":"doggie","photoUrls":["kangs url"],"tags":[{"id":501283,"name":"kangs tag 501283"}],"status":"available"},{"id":709967,"category":{"id":709967,"name":"kangs name"},"name":"doggie","photoUrls":["kangs url"],"tags":[{"id":709967,"name":"kangs tag 709967"}],"status":"available"},{"id":4323,"category":{"id":4323,"name":"kangs name"},"name":"doggie","photoUrls":["kangs url"],"tags":[{"id":4323,"name":"kangs tag 4323"}],"status":"available"},{"id":463034,"category":{"id":463034,"name":"kangs name"},"name":"doggie","photoUrls":["kangs url"],"tags":[{"id":463034,"name":"kangs tag 463034"}],"status":"available"},{"id":800217,"category":{"id":800217,"name":"kangs name"},"name":"doggie","photoUrls":["kangs url"],"tags":[{"id":800217,"name":"kangs tag 800217"}],"status":"available"},{"id":185331,"category":{"id":185331,"name":"kangs name"},"name":"doggie","photoUrls":["kangs url"],"tags":[{"id":185331,"name":"kangs tag 185331"}],"status":"available"},{"id":676940,"category":{"id":676940,"name":"kangs name"},"name":"doggie","photoUrls":["kangs url"],"tags":[{"id":676940,"name":"kangs tag 676940"}],"status":"available"},{"id":398248,"category":{"id":398248,"name":"kangs name"},"name":"doggie","photoUrls":["kangs url"],"tags":[{"id":398248,"name":"kangs tag 398248"}],"status":"available"},{"id":58,"category":{"id":89,"name":"test_string"},"name":"doggie","photoUrls":["test_string","test_string"],"tags":[{"id":26,"name":"test_string"},{"id":67,"name":"test_string"}],"status":"available"},{"id":34,"category":{"id":100,"name":"test_string"},"name":"doggie","photoUrls":["test_string","test_string"],"tags":[{"id":89,"name":"test_string"},{"id":61,"name":"test_string"}],"status":"available"},{"id":1421,"name":"NEWDoggy","photoUrls":[],"tags":[],"status":"available"},{"id":69,"category":{"id":22,"name":"test_string"},"name":"doggie","photoUrls":["test_string","test_string"],"tags":[{"id":43,"name":"test_string"},{"id":33,"name":"test_string"}],"status":"available"},{"id":58211,"category":{"id":58211,"name":"kangs name"},"name":"doggie","photoUrls":["kangs url"],"tags":[{"id":58211,"name":"kangs tag 58211"}],"status":"available"},{"id":639462,"category":{"id":639462,"name":"kangs name"},"name":"doggie","photoUrls":["kangs url"],"tags":[{"id":639462,"name":"kangs tag 639462"}],"status":"available"},{"id":461790,"category":{"id":461790,"name":"kangs name"},"name":"doggie","photoUrls":["kangs url"],"tags":[{"id":461790,"name":"kangs tag 461790"}],"status":"available"},{"id":528315,"category":{"id":528315,"name":"kangs name"},"name":"doggie","photoUrls":["kangs url"],"tags":[{"id":528315,"name":"kangs tag 528315"}],"status":"available"},{"id":453879,"category":{"id":453879,"name":"kangs name"},"name":"doggie","photoUrls":["kangs url"],"tags":[{"id":453879,"name":"kangs tag 453879"}],"status":"available"},{"id":196240,"category":{"id":196240,"name":"kangs name"},"name":"doggie","photoUrls":["kangs url"],"tags":[{"id":196240,"name":"kangs tag 196240"}],"status":"available"},{"id":383467,"category":{"id":383467,"name":"kangs name"},"name":"doggie","photoUrls":["kangs url"],"tags":[{"id":383467,"name":"kangs tag 383467"}],"status":"available"},{"id":757872,"category":{"id":757872,"name":"kangs name"},"name":"doggie","photoUrls":["kangs url"],"tags":[{"id":757872,"name":"kangs tag 757872"}],"status":"available"},{"id":715715,"category":{"id":715715,"name":"kangs name"},"name":"doggie","photoUrls":["kangs url"],"tags":[{"id":715715,"name":"kangs tag 715715"}],"status":"available"},{"id":923457,"category":{"id":923457,"name":"kangs name"},"name":"doggie","photoUrls":["kangs url"],"tags":[{"id":923457,"name":"kangs tag 923457"}],"status":"available"},{"id":655652,"category":{"id":655652,"name":"kangs name"},"name":"doggie","photoUrls":["kangs url"],"tags":[{"id":655652,"name":"kangs tag 655652"}],"status":"available"},{"id":447822,"category":{"id":447822,"name":"kangs name"},"name":"doggie","photoUrls":["kangs url"],"tags":[{"id":447822,"name":"kangs tag 447822"}],"status":"available"},{"id":252049,"category":{"id":252049,"name":"kangs name"},"name":"doggie","photoUrls":["kangs url"],"tags":[{"id":252049,"name":"kangs tag 252049"}],"status":"available"},{"id":388159,"category":{"id":388159,"name":"kangs name"},"name":"doggie","photoUrls":["kangs url"],"tags":[{"id":388159,"name":"kangs tag 388159"}],"status":"available"},{"id":149529,"category":{"id":149529,"name":"kangs name"},"name":"doggie","photoUrls":["kangs url"],"tags":[{"id":149529,"name":"kangs tag 149529"}],"status":"available"},{"id":399862,"category":{"id":399862,"name":"kangs name"},"name":"doggie","photoUrls":["kangs url"],"tags":[{"id":399862,"name":"kangs tag 399862"}],"status":"available"},{"id":880203,"category":{"id":880203,"name":"kangs name"},"name":"doggie","photoUrls":["kangs url"],"tags":[{"id":880203,"name":"kangs tag 880203"}],"status":"available"},{"id":915,"category":{"id":968,"name":"sample"},"name":"doggie","photoUrls":["sample","example-data"],"tags":[{"id":705,"name":"example-data"},{"id":300,"name":"test-value"}],"status":"available"},{"id":372,"category":{"id":691,"name":"dummy-value"},"name":"doggie","photoUrls":["test-value","example-data"],"tags":[{"id":58,"name":"sample"},{"id":138,"name":"example-data"}],"status":"available"},{"id":519499,"category":{"id":519499,"name":"kangs name"},"name":"doggie","photoUrls":["kangs url"],"tags":[{"id":519499,"name":"kangs tag 519499"}],"status":"available"},{"id":33530,"category":{"id":33530,"name":"kangs name"},"name":"doggie","photoUrls":["kangs url"],"tags":[{"id":33530,"name":"kangs tag 33530"}],"status":"available"},{"id":3,"category":{"id":3,"name":"cat"},"name":"purplefieldstester2","photoUrls":["http://purplefieldstestimage1","http://purplefieldstestimage2"],"tags":[{"id":3,"name":"naughty"},{"id":4,"name":"nice"}],"status":"available"},{"id":368020,"category":{"id":368020,"name":"kangs name"},"name":"doggie","photoUrls":["kangs url"],"tags":[{"id":368020,"name":"kangs tag 368020"}],"status":"available"},{"id":567400,"category":{"id":567400,"name":"kangs name"},"name":"doggie","photoUrls":["kangs url"],"tags":[{"id":567400,"name":"kangs tag 567400"}],"status":"available"},{"id":89367,"category":{"id":89367,"name":"kangs name"},"name":"doggie","photoUrls":["kangs url"],"tags":[{"id":89367,"name":"kangs tag 89367"}],"status":"available"},{"id":74,"name":"doggie","photoUrls":["test-string"],"tags":[],"status":"available"},{"id":651984,"category":{"id":156,"name":"string"},"name":"Anton","photoUrls":["string"],"tags":[{"id":0,"name":"string"}],"status":"available"},{"id":50800105,"category":{"id":-3382005,"name":"veniam"},"name":"doggie","photoUrls":["eu cillum","culpa adipisicing proident veniam"],"tags":[{"id":-13038983,"name":"aute do in Excepteur Ut"},{"id":86652366,"name":"ad"}],"status":"available"},{"id":3368546,"category":{"id":-8466310,"name":"qui reprehenderit est occaecat magna"},"name":"doggie","photoUrls":["nulla sunt cupidatat non","cupidatat Duis ad ven"],"tags":[{"id":97143667,"name":"Lorem pariatur anim laborum dolor"},{"id":18225911,"name":"ex et ipsum minim"}],"status":"available"},{"id":50136,"category":{"id":50136,"name":"kangs name"},"name":"doggie","photoUrls":["kangs url"],"tags":[{"id":50136,"name":"kangs tag 50136"}],"status":"available"},{"id":937360,"category":{"id":937360,"name":"kangs name"},"name":"doggie","photoUrls":["kangs url"],"tags":[{"id":937360,"name":"kangs tag 937360"}],"status":"available"},{"id":117,"category":{"id":1,"name":"Dogs"},"name":"Lina","photoUrls":["https://example.com/pet.jpg"],"tags":[{"id":632,"name":"a.tiunovich"}],"status":"available"},{"id":77777,"category":{"id":5,"name":"dogs"},"name":"Jack","photoUrls":["string"],"tags":[{"id":5,"name":"string"}],"status":"available"},{"id":113419,"category":{"id":1,"name":"Dogs"},"name":"TestPet_XML","photoUrls":["https://example.com/photo1.jpg"],"tags":[{"id":1,"name":"test-tag"}],"status":"available"},{"id":565581,"category":{"id":565581,"name":"kangs name"},"name":"doggie","photoUrls":["kangs url"],"tags":[{"id":565581,"name":"kangs tag 565581"}],"status":"available"},{"id":268811,"category":{"id":268811,"name":"kangs name"},"name":"doggie","photoUrls":["kangs url"],"tags":[{"id":268811,"name":"kangs tag 268811"}],"status":"available"},{"id":873062,"category":{"id":873062,"name":"kangs name"},"name":"doggie","photoUrls":["kangs url"],"tags":[{"id":873062,"name":"kangs tag 873062"}],"status":"available"},{"id":770642,"category":{"id":770642,"name":"kangs name"},"name":"doggie","photoUrls":["kangs url"],"tags":[{"id":770642,"name":"kangs tag 770642"}],"status":"available"},{"id":958080,"category":{"id":958080,"name":"kangs name"},"name":"doggie","photoUrls":["kangs url"],"tags":[{"id":958080,"name":"kangs tag 958080"}],"status":"available"},{"id":116724,"category":{"id":1,"name":"Dogs"},"name":"TestPet_XML","photoUrls":["https://example.com/photo1.jpg"],"tags":[{"id":1,"name":"test-tag"}],"status":"available"},{"id":1711,"name":"dog","photoUrls":[],"tags":[],"status":"available"},{"id":14162,"category":{"id":14162,"name":"kangs name"},"name":"doggie","photoUrls":["kangs url"],"tags":[{"id":14162,"name":"kangs tag 14162"}],"status":"available"},{"id":1323232,"category":{"id":1,"name":"dog"},"name":"doggie","photoUrls":["string"],"tags":[{"id":1,"name":"dog2"}],"status":"available"},{"id":1776579984881,"category":{"id":1,"name":"test"},"name":"Pet-1776579984881","photoUrls":["string"],"tags":[{"id":1,"name":"friendly"}],"status":"available"},{"id":74735912,"category":{"id":0},"name":"doggie","photoUrls":["et cupidatat sint ex"],"tags":[{"id":5968164,"name":"qui ullamco"},{"id":42174472,"name":"dolor cupidatat ut"},{"id":62494584,"name":"in elit labore eiusmod"},{"id":99186878}],"status":"available"},{"id":21808468,"category":{"id":34232866,"name":"ex nostrud"},"name":"doggie","photoUrls":["cupidatat et magna"],"tags":[{"id":65535240,"name":"amet pariatur exercitation"}],"status":"available"},{"id":959562623245646,"category":{"id":1,"name":"dog"},"name":"doggie","photoUrls":["daaa"],"tags":[{"id":1,"name":"dog2"}],"status":"available"},{"id":15555,"category":{"id":0,"name":"puppy"},"name":"doggie","photoUrls":["string"],"tags":[{"id":0,"name":"Charlie"}],"status":"available"},{"id":2,"category":{"id":2,"name":"cat"},"name":"Max","photoUrls":["string"],"tags":[{"id":0,"name":"string"}],"status":"available"},{"id":1776593967685,"name":"Felix Updated","photoUrls":["https://example.com/cat.jpg"],"tags":[],"status":"available"},{"id":799011,"category":{"id":799011,"name":"kangs name"},"name":"doggie","photoUrls":["kangs url"],"tags":[{"id":799011,"name":"kangs tag 799011"}],"status":"available"},{"id":1776594219898,"name":"Felix Updated","photoUrls":["https://example.com/cat.jpg"],"tags":[],"status":"available"},{"id":888,"name":"mixed_test_dog","photoUrls":[],"tags":[],"status":"available"},{"id":1776594350290,"name":"Felix Updated","photoUrls":["https://example.com/cat.jpg"],"tags":[],"status":"available"},{"id":900,"name":"mixed","photoUrls":[],"tags":[],"status":"available"},{"id":2508,"name":"heyGyes","photoUrls":[],"tags":[],"status":"available"},{"id":538261,"category":{"id":538261,"name":"kangs name"},"name":"doggie","photoUrls":["kangs url"],"tags":[{"id":538261,"name":"kangs tag 538261"}],"status":"available"},{"id":230,"category":{"id":240,"name":"maxi"},"name":"doggie","photoUrls":["https://thumbor.forbes.com/thumbor/fit-in/1290x/https://www.forbes.com/advisor/wp-content/uploads/2023/07/top-20-small-dog-breeds.jpeg.jpg"],"tags":[{"id":120,"name":"amith"}],"status":"available"},{"id":32423708,"category":{"id":5,"name":"dogs"},"name":"pet_d582900742ac47a48dd742e25ca011a5","photoUrls":["https://dummyimage.com/dog2.jpg"],"tags":[{"id":15,"name":"e2e"}],"status":"available"},{"id":466851380,"category":{"id":1,"name":"dogs"},"name":"pet_c02a67262d674c96852773416a5cfc7c","photoUrls":["https://dummyimage.com/dog1.jpg"],"tags":[{"id":11,"name":"cute"}],"status":"available"},{"id":1776595540325,"category":{"id":1,"name":"dogs"},"photoUrls":["https://dummyimage.com/pet.jpg"],"tags":[{"id":1,"name":"negative"}],"status":"available"},{"id":1234,"category":{"id":0,"name":"string"},"name":"123","photoUrls":["string"],"tags":[{"id":0,"name":"string"}],"status":"available"},{"id":720071,"category":{"id":1,"name":"Dogs"},"name":"WorkflowDog-720071","photoUrls":["https://example.com/photo1.jpg"],"tags":[{"id":1,"name":"test-tag"}],"status":"available"},{"id":1001,"category":{"id":1,"name":"dog"},"name":"旺财","photoUrls":["https://example.com/dog.jpg"],"tags":[{"id":1,"name":"pet"}],"status":"available"},{"id":90210902111,"category":{"id":0,"name":"doG"},"name":"Velcro","photoUrls":["https://example.com/photo.jpg"],"tags":[{"id":0,"name":"friendly"}],"status":"available"},{"id":444555,"category":{"id":4444,"name":"dogs"},"name":"Jimmy","photoUrls":["string"],"tags":[{"id":0,"name":"string"}],"status":"available"},{"id":555777,"category":{"id":4444,"name":"dogs"},"name":"Jack","photoUrls":["string"],"tags":[{"id":0,"name":"string"}],"status":"available"},{"id":12345,"name":"Rex","photoUrls":[],"tags":[],"status":"available"},{"id":99887,"category":{"id":1,"name":"Dogs"},"name":"ContractTestPet","photoUrls":["http://example.com/pet.jpg"],"tags":[{"id":1,"name":"friendly"}],"status":"available"},{"id":2221,"category":{"id":60,"name":"LZ24"},"name":"dog55","photoUrls":["string"],"tags":[{"id":1,"name":"big dog"},{"id":2,"name":"middle dog"}],"status":"available"},{"id":1002,"category":{"id":1,"name":"dog"},"name":"李新艳","photoUrls":["https://example.com/dog.jpg"],"tags":[{"id":2,"name":"pet"}],"status":"available"},{"id":7003,"category":{"id":203,"name":"dog"},"name":"jack","photoUrls":["string"],"tags":[{"id":0,"name":"string"}],"status":"available"},{"id":1234321,"category":{"id":0,"name":"Cat"},"name":"Cotton","photoUrls":["string"],"tags":[{"id":0,"name":"My lovely cat"}],"status":"available"},{"id":50003000,"category":{"id":0,"name":"cat"},"name":"LADY","photoUrls":["string"],"tags":[{"id":0,"name":"string"}],"status":"available"},{"id":84034,"category":{"id":84034,"name":"kangs name"},"name":"doggie","photoUrls":["kangs url"],"tags":[{"id":84034,"name":"kangs tag 84034"}],"status":"available"},{"id":738016,"category":{"id":738016,"name":"kangs name"},"name":"doggie","photoUrls":["kangs url"],"tags":[{"id":738016,"name":"kangs tag 738016"}],"status":"available"},{"id":3345,"category":{"id":0,"name":"siberian husky"},"name":"siro","photoUrls":["string"],"tags":[{"id":0,"name":"string"}],"status":"available"},{"id":667294,"category":{"id":667294,"name":"kangs name"},"name":"doggie","photoUrls":["kangs url"],"tags":[{"id":667294,"name":"kangs tag 667294"}],"status":"available"},{"id":555,"category":{"id":0,"name":"string"},"name":"teamQA","photoUrls":["string"],"tags":[{"id":0,"name":"string"}],"status":"available"},{"id":1776601736430,"name":"auto-1776601736430","photoUrls":["https://example.com/photo.jpg"],"tags":[],"status":"available"},{"id":1776601787204,"name":"","photoUrls":["https://example.com/photo.jpg"],"tags":[],"status":"available"},{"id":1776601794017,"photoUrls":["https://example.com/photo.jpg"],"tags":[],"status":"available"},{"id":1776601800393,"name":"auto-1776601800393","photoUrls":[],"tags":[],"status":"available"},{"id":312739,"category":{"id":312739,"name":"kangs name"},"name":"doggie","photoUrls":["kangs url"],"tags":[{"id":312739,"name":"kangs tag 312739"}],"status":"available"},{"id":9223372036854775000,"name":"auto-huge-id","photoUrls":["https://example.com/photo.jpg"],"tags":[],"status":"available"},{"id":1776601896857,"name":"auto-extra-1776601896857","photoUrls":["https://example.com/photo.jpg"],"tags":[],"status":"available"},{"id":1776601925140,"name":"auto-1776601925140","photoUrls":["https://example.com/photo.jpg"],"tags":[],"status":"available"},{"id":11088,"name":"Csharp test","photoUrls":["http://petstore.com/csharp_test"],"tags":[],"status":"available"},{"id":1,"category":{"id":1,"name":"string"},"name":"doggie","photoUrls":["string"],"tags":[{"id":1,"name":"string"}],"status":"available"},{"id":858079,"category":{"id":1,"name":"Dogs"},"name":"WorkflowDog-858079","photoUrls":["https://example.com/photo1.jpg"],"tags":[{"id":1,"name":"test-tag"}],"status":"available"}]
  When I get pets by status "available"            # stepDefinitions.PetSteps.getPetsByStatus(java.lang.String)
18:14:40 INFO  stepDefinitions.PetSteps - List Size: 539
18:14:40 INFO  stepDefinitions.PetSteps - Inventory Count: 539
  Then I validate pets list and consistency        # stepDefinitions.PetSteps.validatePetsList()
=== TEST FINISHED ===
]]></system-out>
  </testcase>
  <testcase name="runScenario[&quot;Validate invalid user operations&quot;, &quot;Pet Lifecycle API Testing&quot;](5)" classname="runners.TestRunner" time="6.029">
    <system-out><![CDATA[
Scenario: Validate invalid user operations                # src/test/resources/features/pet.feature:29
=== TEST STARTED ===
18:14:41 INFO  stepDefinitions.PetSteps - CREATE USER RESPONSE:
18:14:41 INFO  stepDefinitions.PetSteps - {"code":200,"type":"unknown","message":"101"}
  When I create a user with invalid email                 # stepDefinitions.PetSteps.createInvalidUser()
18:14:41 INFO  stepDefinitions.PetSteps - Response Body: {"code":200,"type":"unknown","message":"101"}
  Then the response should indicate invalid user creation # stepDefinitions.PetSteps.validateInvalidUserCreation()
18:14:43 INFO  stepDefinitions.PetSteps - GET INVALID USER RESPONSE:
18:14:43 INFO  stepDefinitions.PetSteps - {"code":1,"type":"error","message":"User not found"}
  When I get a non existent user                          # stepDefinitions.PetSteps.getInvalidUser()
  Then the user API response status should be 404         # stepDefinitions.PetSteps.validateUserApiResponse(int)
18:14:46 INFO  stepDefinitions.PetSteps - LOGIN RESPONSE:
18:14:46 INFO  stepDefinitions.PetSteps - {"code":200,"type":"unknown","message":"logged in user session:1776602687654"}
  When I login with invalid credentials                   # stepDefinitions.PetSteps.loginInvalid()
18:14:46 INFO  stepDefinitions.PetSteps - Login Response: {"code":200,"type":"unknown","message":"logged in user session:1776602687654"}
  Then login should fail logically                        # stepDefinitions.PetSteps.validateLoginFail()
=== TEST FINISHED ===
]]></system-out>
  </testcase>
  <testcase name="runScenario[&quot;Cross Endpoint Data Consistency&quot;, &quot;Pet Lifecycle API Testing&quot;](6)" classname="runners.TestRunner" time="13.394">
    <system-out><![CDATA[
Scenario: Cross Endpoint Data Consistency                                       # src/test/resources/features/pet.feature:40
=== TEST STARTED ===
18:14:49 INFO  stepDefinitions.PetSteps - {"id":1776602686314,"category":{"id":1,"name":"HighValue-Bulldog"},"name":"Bulldog","photoUrls":[],"tags":[],"status":"available"}
  Given I create a pet with category "HighValue-Bulldog" and status "available" # stepDefinitions.PetSteps.createPetWithCategory(java.lang.String,java.lang.String)
  When I update this pet status to "sold"                                       # stepDefinitions.PetSteps.updatePetStatus(java.lang.String)
  And I fetch all sold pets                                                     # stepDefinitions.PetSteps.getSoldPets()
18:14:59 INFO  stepDefinitions.PetSteps - Pet Found in Sold List: true
  Then my created pet should be present in sold list                            # stepDefinitions.PetSteps.validatePetInSoldList()
=== TEST FINISHED ===
]]></system-out>
  </testcase>
</testsuite>