<?xml version="1.0" encoding="UTF-8"?>
<!-- Generated by org.testng.reporters.JUnitReportReporter -->
<testsuite hostname="LAPTOP-KU5NLKUB" failures="0" tests="6" name="runners.TestRunner" time="50.974" errors="0" timestamp="2026-04-16T15:22:35 IST" skipped="0">
  <testcase classname="runners.TestRunner" name="runScenario" time="4.268"/>
  <testcase classname="runners.TestRunner" name="runScenario" time="12.840"/>
  <testcase classname="runners.TestRunner" name="runScenario" time="7.339"/>
  <testcase classname="runners.TestRunner" name="runScenario" time="9.276"/>
  <testcase classname="runners.TestRunner" name="runScenario" time="8.779"/>
  <testcase classname="runners.TestRunner" name="runScenario" time="8.472"/>
</testsuite> <!-- runners.TestRunner -->
