<?xml version="1.0" encoding="UTF-8"?>
<!-- Generated by org.testng.reporters.JUnitReportReporter -->
<testsuite hostname="LAPTOP-KU5NLKUB" failures="0" tests="6" name="runners.TestRunner" time="56.673" errors="0" timestamp="2026-04-19T18:14:59 IST" skipped="0">
  <testcase classname="runners.TestRunner" name="runScenario" time="7.640"/>
  <testcase classname="runners.TestRunner" name="runScenario" time="6.026"/>
  <testcase classname="runners.TestRunner" name="runScenario" time="14.363"/>
  <testcase classname="runners.TestRunner" name="runScenario" time="8.991"/>
  <testcase classname="runners.TestRunner" name="runScenario" time="6.257"/>
  <testcase classname="runners.TestRunner" name="runScenario" time="13.396"/>
</testsuite> <!-- runners.TestRunner -->
